Arguments: 
  D:\Program Files\nodejs\node.exe C:\Users\18792\AppData\Roaming\npm\node_modules\yarn\bin\yarn.js add @types/koa-views @types/koa-json @types/koa-onerror @types/koa-bodyparser @types/koa-logger -D

PATH: 
  C:\Windows\system32;C:\Windows;C:\Windows\System32\Wbem;C:\Windows\System32\WindowsPowerShell\v1.0\;C:\Windows\System32\OpenSSH\;C:\Program Files\Intel\WiFi\bin\;C:\Program Files\Common Files\Intel\WirelessCommon\;C:\Program Files (x86)\NVIDIA Corporation\PhysX\Common;C:\Program Files\NVIDIA Corporation\NVIDIA NvDLISR;d:\Program Files\Git\cmd;C:\Users\18792\AppData\Local\Yarn\bin;D:\Program Files\nodejs\;C:\WINDOWS\system32;C:\WINDOWS;C:\WINDOWS\System32\Wbem;C:\WINDOWS\System32\WindowsPowerShell\v1.0\;C:\WINDOWS\System32\OpenSSH\;C:\Users\18792\AppData\Roaming\npm;C:\Users\18792\AppData\Local\Microsoft\WindowsApps;D:\Microsoft VS Code\bin

Yarn version: 
  1.22.11

Node version: 
  16.8.0

Platform: 
  win32 x64

Trace: 
  Error: https://registry.yarnpkg.com/@types%2fkoa-onerror: Not found
      at Request.params.callback [as _callback] (C:\Users\18792\AppData\Roaming\npm\node_modules\yarn\lib\cli.js:66992:18)
      at Request.self.callback (C:\Users\18792\AppData\Roaming\npm\node_modules\yarn\lib\cli.js:140763:22)
      at Request.emit (node:events:394:28)
      at Request.<anonymous> (C:\Users\18792\AppData\Roaming\npm\node_modules\yarn\lib\cli.js:141735:10)
      at Request.emit (node:events:394:28)
      at IncomingMessage.<anonymous> (C:\Users\18792\AppData\Roaming\npm\node_modules\yarn\lib\cli.js:141657:12)
      at Object.onceWrapper (node:events:513:28)
      at IncomingMessage.emit (node:events:406:35)
      at endReadableNT (node:internal/streams/readable:1343:12)
      at processTicksAndRejections (node:internal/process/task_queues:83:21)

npm manifest: 
  {
    "name": "shortLink",
    "version": "0.1.0",
    "private": true,
    "scripts": {
      "dev:tsc": "tsc -w",
      "dev:nodemon": "nodemon bin/www",
      "dev": "tsc && concurrently npm:dev:*",
      "start": "tsc && node bin/www"
    },
    "dependencies": {
      "@types/koa": "^2.13.4",
      "debug": "^4.1.1",
      "koa": "^2.7.0",
      "koa-bodyparser": "^4.3.0",
      "koa-convert": "^1.2.0",
      "koa-json": "^2.0.2",
      "koa-logger": "^3.2.0",
      "koa-onerror": "^4.1.0",
      "koa-router": "^7.4.0",
      "koa-static": "^5.0.0",
      "koa-views": "^6.2.0",
      "lowdb": "^3.0.0",
      "nanoid": "^3.3.4",
      "pug": "^2.0.3",
      "yaml": "^2.1.0"
    },
    "devDependencies": {
      "concurrently": "^7.2.0",
      "nodemon": "^2.0.16",
      "typescript": "^4.6.4"
    }
  }

yarn manifest: 
  No manifest

Lockfile: 
  # THIS IS AN AUTOGENERATED FILE. DO NOT EDIT THIS FILE DIRECTLY.
  # yarn lockfile v1
  
  
  "@sindresorhus/is@^0.14.0":
    version "0.14.0"
    resolved "https://registry.npmjs.org/@sindresorhus/is/-/is-0.14.0.tgz"
    integrity sha512-9NET910DNaIPngYnLLPeg+Ogzqsi9uM4mSboU5y6p8S5DzMTVEsJZrawi+BoDNUVBa2DhJqQYUFvMDfgU062LQ==
  
  "@szmarczak/http-timer@^1.1.2":
    version "1.1.2"
    resolved "https://registry.npmjs.org/@szmarczak/http-timer/-/http-timer-1.1.2.tgz"
    integrity sha512-XIB2XbzHTN6ieIjfIMV9hlVcfPU26s2vafYWQcZHWXHOxiaRZYEDKEwdl129Zyg50+foYV2jCgtrqSA6qNuNSA==
    dependencies:
      defer-to-connect "^1.0.1"
  
  "@types/accepts@*":
    version "1.3.5"
    resolved "https://registry.yarnpkg.com/@types/accepts/-/accepts-1.3.5.tgz#c34bec115cfc746e04fe5a059df4ce7e7b391575"
    integrity sha512-jOdnI/3qTpHABjM5cx1Hc0sKsPoYCp+DP/GJRGtDlPd7fiV9oXGGIcjW/ZOxLIvjGz8MA+uMZI9metHlgqbgwQ==
    dependencies:
      "@types/node" "*"
  
  "@types/babel-types@*", "@types/babel-types@^7.0.0":
    version "7.0.11"
    resolved "https://registry.npmjs.org/@types/babel-types/-/babel-types-7.0.11.tgz"
    integrity sha512-pkPtJUUY+Vwv6B1inAz55rQvivClHJxc9aVEPPmaq2cbyeMLCiDpbKpcKyX4LAwpNGi+SHBv0tHv6+0gXv0P2A==
  
  "@types/babylon@^6.16.2":
    version "6.16.6"
    resolved "https://registry.npmjs.org/@types/babylon/-/babylon-6.16.6.tgz"
    integrity sha512-G4yqdVlhr6YhzLXFKy5F7HtRBU8Y23+iWy7UKthMq/OSQnL1hbsoeXESQ2LY8zEDlknipDG3nRGhUC9tkwvy/w==
    dependencies:
      "@types/babel-types" "*"
  
  "@types/body-parser@*":
    version "1.19.2"
    resolved "https://registry.yarnpkg.com/@types/body-parser/-/body-parser-1.19.2.tgz#aea2059e28b7658639081347ac4fab3de166e6f0"
    integrity sha512-ALYone6pm6QmwZoAgeyNksccT9Q4AWZQ6PvfwR37GT6r6FWUPguq6sUmNGSMV2Wr761oQoBxwGGa6DR5o1DC9g==
    dependencies:
      "@types/connect" "*"
      "@types/node" "*"
  
  "@types/connect@*":
    version "3.4.35"
    resolved "https://registry.yarnpkg.com/@types/connect/-/connect-3.4.35.tgz#5fcf6ae445e4021d1fc2219a4873cc73a3bb2ad1"
    integrity sha512-cdeYyv4KWoEgpBISTxWvqYsVy444DOqehiF3fM3ne10AmJ62RSyNkUnxMJXHQWRQQX2eR94m5y1IZyDwBjV9FQ==
    dependencies:
      "@types/node" "*"
  
  "@types/content-disposition@*":
    version "0.5.5"
    resolved "https://registry.yarnpkg.com/@types/content-disposition/-/content-disposition-0.5.5.tgz#650820e95de346e1f84e30667d168c8fd25aa6e3"
    integrity sha512-v6LCdKfK6BwcqMo+wYW05rLS12S0ZO0Fl4w1h4aaZMD7bqT3gVUns6FvLJKGZHQmYn3SX55JWGpziwJRwVgutA==
  
  "@types/cookies@*":
    version "0.7.7"
    resolved "https://registry.yarnpkg.com/@types/cookies/-/cookies-0.7.7.tgz#7a92453d1d16389c05a5301eef566f34946cfd81"
    integrity sha512-h7BcvPUogWbKCzBR2lY4oqaZbO3jXZksexYJVFvkrFeLgbZjQkU4x8pRq6eg2MHXQhY0McQdqmmsxRWlVAHooA==
    dependencies:
      "@types/connect" "*"
      "@types/express" "*"
      "@types/keygrip" "*"
      "@types/node" "*"
  
  "@types/express-serve-static-core@^4.17.18":
    version "4.17.28"
    resolved "https://registry.yarnpkg.com/@types/express-serve-static-core/-/express-serve-static-core-4.17.28.tgz#c47def9f34ec81dc6328d0b1b5303d1ec98d86b8"
    integrity sha512-P1BJAEAW3E2DJUlkgq4tOL3RyMunoWXqbSCygWo5ZIWTjUgN1YnaXWW4VWl/oc8vs/XoYibEGBKP0uZyF4AHig==
    dependencies:
      "@types/node" "*"
      "@types/qs" "*"
      "@types/range-parser" "*"
  
  "@types/express@*":
    version "4.17.13"
    resolved "https://registry.yarnpkg.com/@types/express/-/express-4.17.13.tgz#a76e2995728999bab51a33fabce1d705a3709034"
    integrity sha512-6bSZTPaTIACxn48l50SR+axgrqm6qXFIxrdAKaG6PaJk3+zuUr35hBlgT7vOmJcum+OEaIBLtHV/qloEAFITeA==
    dependencies:
      "@types/body-parser" "*"
      "@types/express-serve-static-core" "^4.17.18"
      "@types/qs" "*"
      "@types/serve-static" "*"
  
  "@types/http-assert@*":
    version "1.5.3"
    resolved "https://registry.yarnpkg.com/@types/http-assert/-/http-assert-1.5.3.tgz#ef8e3d1a8d46c387f04ab0f2e8ab8cb0c5078661"
    integrity sha512-FyAOrDuQmBi8/or3ns4rwPno7/9tJTijVW6aQQjK02+kOQ8zmoNg2XJtAuQhvQcy1ASJq38wirX5//9J1EqoUA==
  
  "@types/http-errors@*":
    version "1.8.2"
    resolved "https://registry.yarnpkg.com/@types/http-errors/-/http-errors-1.8.2.tgz#7315b4c4c54f82d13fa61c228ec5c2ea5cc9e0e1"
    integrity sha512-EqX+YQxINb+MeXaIqYDASb6U6FCHbWjkj4a1CKDBks3d/QiB2+PqBLyO72vLDgAO1wUI4O+9gweRcQK11bTL/w==
  
  "@types/keygrip@*":
    version "1.0.2"
    resolved "https://registry.yarnpkg.com/@types/keygrip/-/keygrip-1.0.2.tgz#513abfd256d7ad0bf1ee1873606317b33b1b2a72"
    integrity sha512-GJhpTepz2udxGexqos8wgaBx4I/zWIDPh/KOGEwAqtuGDkOUJu5eFvwmdBX4AmB8Odsr+9pHCQqiAqDL/yKMKw==
  
  "@types/koa-compose@*":
    version "3.2.5"
    resolved "https://registry.yarnpkg.com/@types/koa-compose/-/koa-compose-3.2.5.tgz#85eb2e80ac50be95f37ccf8c407c09bbe3468e9d"
    integrity sha512-B8nG/OoE1ORZqCkBVsup/AKcvjdgoHnfi4pZMn5UwAPCbhk/96xyv284eBYW8JlQbQ7zDmnpFr68I/40mFoIBQ==
    dependencies:
      "@types/koa" "*"
  
  "@types/koa@*", "@types/koa@^2.13.4":
    version "2.13.4"
    resolved "https://registry.yarnpkg.com/@types/koa/-/koa-2.13.4.tgz#10620b3f24a8027ef5cbae88b393d1b31205726b"
    integrity sha512-dfHYMfU+z/vKtQB7NUrthdAEiSvnLebvBjwHtfFmpZmB7em2N3WVQdHgnFq+xvyVgxW5jKDmjWfLD3lw4g4uTw==
    dependencies:
      "@types/accepts" "*"
      "@types/content-disposition" "*"
      "@types/cookies" "*"
      "@types/http-assert" "*"
      "@types/http-errors" "*"
      "@types/keygrip" "*"
      "@types/koa-compose" "*"
      "@types/node" "*"
  
  "@types/mime@^1":
    version "1.3.2"
    resolved "https://registry.yarnpkg.com/@types/mime/-/mime-1.3.2.tgz#93e25bf9ee75fe0fd80b594bc4feb0e862111b5a"
    integrity sha512-YATxVxgRqNH6nHEIsvg6k2Boc1JHI9ZbH5iWFFv/MTkchz3b1ieGDa5T0a9RznNdI0KhVbdbWSN+KWWrQZRxTw==
  
  "@types/node@*":
    version "17.0.35"
    resolved "https://registry.yarnpkg.com/@types/node/-/node-17.0.35.tgz#635b7586086d51fb40de0a2ec9d1014a5283ba4a"
    integrity sha512-vu1SrqBjbbZ3J6vwY17jBs8Sr/BKA+/a/WtjRG+whKg1iuLFOosq872EXS0eXWILdO36DHQQeku/ZcL6hz2fpg==
  
  "@types/qs@*":
    version "6.9.7"
    resolved "https://registry.yarnpkg.com/@types/qs/-/qs-6.9.7.tgz#63bb7d067db107cc1e457c303bc25d511febf6cb"
    integrity sha512-FGa1F62FT09qcrueBA6qYTrJPVDzah9a+493+o2PCXsesWHIn27G98TsSMs3WPNbZIEj4+VJf6saSFpvD+3Zsw==
  
  "@types/range-parser@*":
    version "1.2.4"
    resolved "https://registry.yarnpkg.com/@types/range-parser/-/range-parser-1.2.4.tgz#cd667bcfdd025213aafb7ca5915a932590acdcdc"
    integrity sha512-EEhsLsD6UsDM1yFhAvy0Cjr6VwmpMWqFBCb9w07wVugF7w9nfajxLuVmngTIpgS6svCnm6Vaw+MZhoDCKnOfsw==
  
  "@types/serve-static@*":
    version "1.13.10"
    resolved "https://registry.yarnpkg.com/@types/serve-static/-/serve-static-1.13.10.tgz#f5e0ce8797d2d7cc5ebeda48a52c96c4fa47a8d9"
    integrity sha512-nCkHGI4w7ZgAdNkrEu0bv+4xNV/XDqW+DydknebMOQwkpDGx8G+HTlj7R7ABI8i8nKxVw0wtKPi1D+lPOkh4YQ==
    dependencies:
      "@types/mime" "^1"
      "@types/node" "*"
  
  abbrev@1:
    version "1.1.1"
    resolved "https://registry.npmjs.org/abbrev/-/abbrev-1.1.1.tgz"
    integrity sha512-nne9/IiQ/hzIhY6pdDnbBtz7DjPTKrY00P/zvPSm5pOFkl6xuGrGnXn/VtTNNfNtAfZ9/1RtehkszU9qcTii0Q==
  
  accepts@^1.3.5:
    version "1.3.8"
    resolved "https://registry.npmjs.org/accepts/-/accepts-1.3.8.tgz"
    integrity sha512-PYAthTa2m2VKxuvSD3DPC/Gy+U+sOA1LAuT8mkmRuvw+NACSaeXEQ+NHcVF7rONl6qcaxV3Uuemwawk+7+SJLw==
    dependencies:
      mime-types "~2.1.34"
      negotiator "0.6.3"
  
  acorn-globals@^3.0.0:
    version "3.1.0"
    resolved "https://registry.npmjs.org/acorn-globals/-/acorn-globals-3.1.0.tgz"
    integrity sha512-uWttZCk96+7itPxK8xCzY86PnxKTMrReKDqrHzv42VQY0K30PUO8WY13WMOuI+cOdX4EIdzdvQ8k6jkuGRFMYw==
    dependencies:
      acorn "^4.0.4"
  
  acorn@^3.1.0:
    version "3.3.0"
    resolved "https://registry.npmjs.org/acorn/-/acorn-3.3.0.tgz"
    integrity sha512-OLUyIIZ7mF5oaAUT1w0TFqQS81q3saT46x8t7ukpPjMNk+nbs4ZHhs7ToV8EWnLYLepjETXd4XaCE4uxkMeqUw==
  
  acorn@^4.0.4, acorn@~4.0.2:
    version "4.0.13"
    resolved "https://registry.npmjs.org/acorn/-/acorn-4.0.13.tgz"
    integrity sha512-fu2ygVGuMmlzG8ZeRJ0bvR41nsAkxxhbyk8bZ1SS521Z7vmgJFTQQlfz/Mp/nJexGBz+v8sC9bM6+lNgskt4Ug==
  
  align-text@^0.1.1, align-text@^0.1.3:
    version "0.1.4"
    resolved "https://registry.npmjs.org/align-text/-/align-text-0.1.4.tgz"
    integrity sha512-GrTZLRpmp6wIC2ztrWW9MjjTgSKccffgFagbNDOX95/dcjEcYZibYTeaOntySQLcdw1ztBoFkviiUvTMbb9MYg==
    dependencies:
      kind-of "^3.0.2"
      longest "^1.0.1"
      repeat-string "^1.5.2"
  
  ansi-align@^3.0.0:
    version "3.0.1"
    resolved "https://registry.npmjs.org/ansi-align/-/ansi-align-3.0.1.tgz"
    integrity sha512-IOfwwBF5iczOjp/WeY4YxyjqAFMQoZufdQWDd19SEExbVLNXqvpzSJ/M7Za4/sCPmQ0+GRquoA7bGcINcxew6w==
    dependencies:
      string-width "^4.1.0"
  
  ansi-regex@^5.0.1:
    version "5.0.1"
    resolved "https://registry.npmjs.org/ansi-regex/-/ansi-regex-5.0.1.tgz"
    integrity sha512-quJQXlTSUGL2LH9SUXo8VwsY4soanhgo6LNSm84E1LBcE8s3O0wpdiRzyR9z/ZZJMlMWv37qOOb9pdJlMUEKFQ==
  
  ansi-styles@^3.2.1:
    version "3.2.1"
    resolved "https://registry.npmjs.org/ansi-styles/-/ansi-styles-3.2.1.tgz"
    integrity sha512-VT0ZI6kZRdTh8YyJw3SMbYm/u+NqfsAxEpWO0Pf9sq8/e94WxxOpPKx9FR1FlyCtOVDNOQ+8ntlqFxiRc+r5qA==
    dependencies:
      color-convert "^1.9.0"
  
  ansi-styles@^4.0.0, ansi-styles@^4.1.0:
    version "4.3.0"
    resolved "https://registry.npmjs.org/ansi-styles/-/ansi-styles-4.3.0.tgz"
    integrity sha512-zbB9rCJAT1rbjiVDb2hqKFHNYLxgtk8NURxZ3IZwD3F6NtxbXZQCnnSi1Lkx+IDohdPlFp222wVALIheZJQSEg==
    dependencies:
      color-convert "^2.0.1"
  
  any-promise@^1.0.0, any-promise@^1.1.0:
    version "1.3.0"
    resolved "https://registry.npmjs.org/any-promise/-/any-promise-1.3.0.tgz"
    integrity sha512-7UvmKalWRt1wgjL1RrGxoSJW/0QZFIegpeGvZG9kjp8vrRu55XTHbwnqq2GpXm9uLbcuhxm3IqX9OB4MZR1b2A==
  
  anymatch@~3.1.2:
    version "3.1.2"
    resolved "https://registry.npmjs.org/anymatch/-/anymatch-3.1.2.tgz"
    integrity sha512-P43ePfOAIupkguHUycrc4qJ9kz8ZiuOUijaETwX7THt0Y/GNK7v0aa8rY816xWjZ7rJdA5XdMcpVFTKMq+RvWg==
    dependencies:
      normalize-path "^3.0.0"
      picomatch "^2.0.4"
  
  asap@~2.0.3:
    version "2.0.6"
    resolved "https://registry.npmjs.org/asap/-/asap-2.0.6.tgz"
    integrity sha512-BSHWgDSAiKs50o2Re8ppvp3seVHXSRM44cdSsT9FfNEUUZLOGWVCsiWaRPWM1Znn+mqZ1OfVZ3z3DWEzSp7hRA==
  
  babel-runtime@^6.26.0:
    version "6.26.0"
    resolved "https://registry.npmjs.org/babel-runtime/-/babel-runtime-6.26.0.tgz"
    integrity sha512-ITKNuq2wKlW1fJg9sSW52eepoYgZBggvOAHC0u/CYu/qxQ9EVzThCgR69BnSXLHjy2f7SY5zaQ4yt7H9ZVxY2g==
    dependencies:
      core-js "^2.4.0"
      regenerator-runtime "^0.11.0"
  
  babel-types@^6.26.0:
    version "6.26.0"
    resolved "https://registry.npmjs.org/babel-types/-/babel-types-6.26.0.tgz"
    integrity sha512-zhe3V/26rCWsEZK8kZN+HaQj5yQ1CilTObixFzKW1UWjqG7618Twz6YEsCnjfg5gBcJh02DrpCkS9h98ZqDY+g==
    dependencies:
      babel-runtime "^6.26.0"
      esutils "^2.0.2"
      lodash "^4.17.4"
      to-fast-properties "^1.0.3"
  
  babylon@^6.18.0:
    version "6.18.0"
    resolved "https://registry.npmjs.org/babylon/-/babylon-6.18.0.tgz"
    integrity sha512-q/UEjfGJ2Cm3oKV71DJz9d25TPnq5rhBVL2Q4fA5wcC3jcrdn7+SssEybFIxwAvvP+YCsCYNKughoF33GxgycQ==
  
  balanced-match@^1.0.0:
    version "1.0.2"
    resolved "https://registry.npmjs.org/balanced-match/-/balanced-match-1.0.2.tgz"
    integrity sha512-3oSeUO0TMV67hN1AmbXsK4yaqU7tjiHlbxRDZOpH0KW9+CeX4bRAaX0Anxt0tx2MrpRpWwQaPwIlISEJhYU5Pw==
  
  binary-extensions@^2.0.0:
    version "2.2.0"
    resolved "https://registry.npmjs.org/binary-extensions/-/binary-extensions-2.2.0.tgz"
    integrity sha512-jDctJ/IVQbZoJykoeHbhXpOlNBqGNcwXJKJog42E5HDPUwQTSdjCHdihjj0DlnheQ7blbT6dHOafNAiS8ooQKA==
  
  bluebird@^3.1.1:
    version "3.7.2"
    resolved "https://registry.npmjs.org/bluebird/-/bluebird-3.7.2.tgz"
    integrity sha512-XpNj6GDQzdfW+r2Wnn7xiSAd7TM3jzkxGXBGTtWKuSXv1xUV+azxAm8jdWZN06QTQk+2N2XB9jRDkvbmQmcRtg==
  
  boxen@^5.0.0:
    version "5.1.2"
    resolved "https://registry.npmjs.org/boxen/-/boxen-5.1.2.tgz"
    integrity sha512-9gYgQKXx+1nP8mP7CzFyaUARhg7D3n1dF/FnErWmu9l6JvGpNUN278h0aSb+QjoiKSWG+iZ3uHrcqk0qrY9RQQ==
    dependencies:
      ansi-align "^3.0.0"
      camelcase "^6.2.0"
      chalk "^4.1.0"
      cli-boxes "^2.2.1"
      string-width "^4.2.2"
      type-fest "^0.20.2"
      widest-line "^3.1.0"
      wrap-ansi "^7.0.0"
  
  brace-expansion@^1.1.7:
    version "1.1.11"
    resolved "https://registry.npmjs.org/brace-expansion/-/brace-expansion-1.1.11.tgz"
    integrity sha512-iCuPHDFgrHX7H2vEI/5xpz07zSHB00TpugqhmYtVmMO6518mCuRMoOYFldEBl0g187ufozdaHgWKcYFb61qGiA==
    dependencies:
      balanced-match "^1.0.0"
      concat-map "0.0.1"
  
  braces@~3.0.2:
    version "3.0.2"
    resolved "https://registry.npmjs.org/braces/-/braces-3.0.2.tgz"
    integrity sha512-b8um+L1RzM3WDSzvhm6gIz1yfTbBt6YTlcEKAvsmqCZZFw46z626lVj9j1yEPW33H5H+lBQpZMP1k8l+78Ha0A==
    dependencies:
      fill-range "^7.0.1"
  
  bytes@3.1.2, bytes@^3.1.0:
    version "3.1.2"
    resolved "https://registry.npmjs.org/bytes/-/bytes-3.1.2.tgz"
    integrity sha512-/Nf7TyzTx6S3yRJObOAV7956r8cr2+Oj8AC5dt8wSP3BQAoeX58NoHyCU8P8zGkNXStjTSi6fzO6F0pBdcYbEg==
  
  cache-content-type@^1.0.0:
    version "1.0.1"
    resolved "https://registry.npmjs.org/cache-content-type/-/cache-content-type-1.0.1.tgz"
    integrity sha512-IKufZ1o4Ut42YUrZSo8+qnMTrFuKkvyoLXUywKz9GJ5BrhOFGhLdkx9sG4KAnVvbY6kEcSFjLQul+DVmBm2bgA==
    dependencies:
      mime-types "^2.1.18"
      ylru "^1.2.0"
  
  cacheable-request@^6.0.0:
    version "6.1.0"
    resolved "https://registry.npmjs.org/cacheable-request/-/cacheable-request-6.1.0.tgz"
    integrity sha512-Oj3cAGPCqOZX7Rz64Uny2GYAZNliQSqfbePrgAQ1wKAihYmCUnraBtJtKcGR4xz7wF+LoJC+ssFZvv5BgF9Igg==
    dependencies:
      clone-response "^1.0.2"
      get-stream "^5.1.0"
      http-cache-semantics "^4.0.0"
      keyv "^3.0.0"
      lowercase-keys "^2.0.0"
      normalize-url "^4.1.0"
      responselike "^1.0.2"
  
  call-bind@^1.0.0, call-bind@^1.0.2:
    version "1.0.2"
    resolved "https://registry.npmjs.org/call-bind/-/call-bind-1.0.2.tgz"
    integrity sha512-7O+FbCihrB5WGbFYesctwmTKae6rOiIzmz1icreWJ+0aA7LJfuqhEso2T9ncpcFtzMQtzXf2QGGueWJGTYsqrA==
    dependencies:
      function-bind "^1.1.1"
      get-intrinsic "^1.0.2"
  
  camelcase@^1.0.2:
    version "1.2.1"
    resolved "https://registry.npmjs.org/camelcase/-/camelcase-1.2.1.tgz"
    integrity sha512-wzLkDa4K/mzI1OSITC+DUyjgIl/ETNHE9QvYgy6J6Jvqyyz4C0Xfd+lQhb19sX2jMpZV4IssUn0VDVmglV+s4g==
  
  camelcase@^6.2.0:
    version "6.3.0"
    resolved "https://registry.npmjs.org/camelcase/-/camelcase-6.3.0.tgz"
    integrity sha512-Gmy6FhYlCY7uOElZUSbxo2UCDH8owEk996gkbrpsgGtrJLM3J7jGxl9Ic7Qwwj4ivOE5AWZWRMecDdF7hqGjFA==
  
  center-align@^0.1.1:
    version "0.1.3"
    resolved "https://registry.npmjs.org/center-align/-/center-align-0.1.3.tgz"
    integrity sha512-Baz3aNe2gd2LP2qk5U+sDk/m4oSuwSDcBfayTCTBoWpfIGO5XFxPmjILQII4NGiZjD6DoDI6kf7gKaxkf7s3VQ==
    dependencies:
      align-text "^0.1.3"
      lazy-cache "^1.0.3"
  
  chalk@^2.4.2:
    version "2.4.2"
    resolved "https://registry.npmjs.org/chalk/-/chalk-2.4.2.tgz"
    integrity sha512-Mti+f9lpJNcwF4tWV8/OrTTtF1gZi+f8FqlyAdouralcFWFQWF2+NgCHShjkCb+IFBLq9buZwE1xckQU4peSuQ==
    dependencies:
      ansi-styles "^3.2.1"
      escape-string-regexp "^1.0.5"
      supports-color "^5.3.0"
  
  chalk@^4.1.0:
    version "4.1.2"
    resolved "https://registry.npmjs.org/chalk/-/chalk-4.1.2.tgz"
    integrity sha512-oKnbhFyRIXpUuez8iBMmyEa4nbj4IOQyuhc/wy9kY7/WVPcwIO9VA668Pu8RkO7+0G76SLROeyw9CpQ061i4mA==
    dependencies:
      ansi-styles "^4.1.0"
      supports-color "^7.1.0"
  
  character-parser@^2.1.1:
    version "2.2.0"
    resolved "https://registry.npmjs.org/character-parser/-/character-parser-2.2.0.tgz"
    integrity sha512-+UqJQjFEFaTAs3bNsF2j2kEN1baG/zghZbdqoYEDxGZtJo9LBzl1A+m0D4n3qKx8N2FNv8/Xp6yV9mQmBuptaw==
    dependencies:
      is-regex "^1.0.3"
  
  chokidar@^3.5.2:
    version "3.5.3"
    resolved "https://registry.npmjs.org/chokidar/-/chokidar-3.5.3.tgz"
    integrity sha512-Dr3sfKRP6oTcjf2JmUmFJfeVMvXBdegxB0iVQ5eb2V10uFJUCAS8OByZdVAyVb8xXNz3GjjTgj9kLWsZTqE6kw==
    dependencies:
      anymatch "~3.1.2"
      braces "~3.0.2"
      glob-parent "~5.1.2"
      is-binary-path "~2.1.0"
      is-glob "~4.0.1"
      normalize-path "~3.0.0"
      readdirp "~3.6.0"
    optionalDependencies:
      fsevents "~2.3.2"
  
  ci-info@^2.0.0:
    version "2.0.0"
    resolved "https://registry.npmjs.org/ci-info/-/ci-info-2.0.0.tgz"
    integrity sha512-5tK7EtrZ0N+OLFMthtqOj4fI2Jeb88C4CAZPu25LDVUgXJ0A3Js4PMGqrn0JU1W0Mh1/Z8wZzYPxqUrXeBboCQ==
  
  clean-css@^4.1.11:
    version "4.2.4"
    resolved "https://registry.npmjs.org/clean-css/-/clean-css-4.2.4.tgz"
    integrity sha512-EJUDT7nDVFDvaQgAo2G/PJvxmp1o/c6iXLbswsBbUFXi1Nr+AjA2cKmfbKDMjMvzEe75g3P6JkaDDAKk96A85A==
    dependencies:
      source-map "~0.6.0"
  
  cli-boxes@^2.2.1:
    version "2.2.1"
    resolved "https://registry.npmjs.org/cli-boxes/-/cli-boxes-2.2.1.tgz"
    integrity sha512-y4coMcylgSCdVinjiDBuR8PCC2bLjyGTwEmPb9NHR/QaNU6EUOXcTY/s6VjGMD6ENSEaeQYHCY0GNGS5jfMwPw==
  
  cliui@^2.1.0:
    version "2.1.0"
    resolved "https://registry.npmjs.org/cliui/-/cliui-2.1.0.tgz"
    integrity sha1-S0dXYP+AJkx2LDoXGQMukcf+oNE=
    dependencies:
      center-align "^0.1.1"
      right-align "^0.1.1"
      wordwrap "0.0.2"
  
  cliui@^7.0.2:
    version "7.0.4"
    resolved "https://registry.yarnpkg.com/cliui/-/cliui-7.0.4.tgz#a0265ee655476fc807aea9df3df8df7783808b4f"
    integrity sha512-OcRE68cOsVMXp1Yvonl/fzkQOyjLSu/8bhPDfQt0e0/Eb283TKP20Fs2MqoPsr9SwA595rRCA+QMzYc9nBP+JQ==
    dependencies:
      string-width "^4.2.0"
      strip-ansi "^6.0.0"
      wrap-ansi "^7.0.0"
  
  clone-response@^1.0.2:
    version "1.0.2"
    resolved "https://registry.npmjs.org/clone-response/-/clone-response-1.0.2.tgz"
    integrity sha1-0dyXOSAxTfZ/vrlCI7TuNQI56Ws=
    dependencies:
      mimic-response "^1.0.0"
  
  co-body@^6.0.0:
    version "6.1.0"
    resolved "https://registry.npmjs.org/co-body/-/co-body-6.1.0.tgz"
    integrity sha512-m7pOT6CdLN7FuXUcpuz/8lfQ/L77x8SchHCF4G0RBTJO20Wzmhn5Sp4/5WsKy8OSpifBSUrmg83qEqaDHdyFuQ==
    dependencies:
      inflation "^2.0.0"
      qs "^6.5.2"
      raw-body "^2.3.3"
      type-is "^1.6.16"
  
  co@^4.6.0:
    version "4.6.0"
    resolved "https://registry.npmjs.org/co/-/co-4.6.0.tgz"
    integrity sha1-bqa989hTrlTMuOR7+gvz+QMfsYQ=
  
  color-convert@^1.9.0:
    version "1.9.3"
    resolved "https://registry.npmjs.org/color-convert/-/color-convert-1.9.3.tgz"
    integrity sha512-QfAUtd+vFdAtFQcC8CCyYt1fYWxSqAiK2cSD6zDB8N3cpsEBAvRxp9zOGg6G/SHHJYAT88/az/IuDGALsNVbGg==
    dependencies:
      color-name "1.1.3"
  
  color-convert@^2.0.1:
    version "2.0.1"
    resolved "https://registry.npmjs.org/color-convert/-/color-convert-2.0.1.tgz"
    integrity sha512-RRECPsj7iu/xb5oKYcsFHSppFNnsj/52OVTRKb4zP5onXwVF3zVmmToNcOfGC+CRDpfK/U584fMg38ZHCaElKQ==
    dependencies:
      color-name "~1.1.4"
  
  color-name@1.1.3:
    version "1.1.3"
    resolved "https://registry.npmjs.org/color-name/-/color-name-1.1.3.tgz"
    integrity sha1-p9BVi9icQveV3UIyj3QIMcpTvCU=
  
  color-name@~1.1.4:
    version "1.1.4"
    resolved "https://registry.npmjs.org/color-name/-/color-name-1.1.4.tgz"
    integrity sha512-dOy+3AuW3a2wNbZHIuMZpTcgjGuLU/uBL/ubcZF9OXbDo8ff4O8yVp5Bf0efS8uEoYo5q4Fx7dY9OgQGXgAsQA==
  
  commander@^2.19.0:
    version "2.20.3"
    resolved "https://registry.npmjs.org/commander/-/commander-2.20.3.tgz"
    integrity sha512-GpVkmM8vF2vQUkj2LvZmD35JxeJOLCwJ9cUkugyk2nuhbv3+mJvpLYYt+0+USMxE+oj+ey/lJEnhZw75x/OMcQ==
  
  concat-map@0.0.1:
    version "0.0.1"
    resolved "https://registry.npmjs.org/concat-map/-/concat-map-0.0.1.tgz"
    integrity sha1-2Klr13/Wjfd5OnMDajug1UBdR3s=
  
  concurrently@^7.2.0:
    version "7.2.0"
    resolved "https://registry.yarnpkg.com/concurrently/-/concurrently-7.2.0.tgz#4d9b4d1e527b8a8cb101bc2aee317e09496fad43"
    integrity sha512-4KIVY5HopDRhN3ndAgfFOLsMk1PZUPgghlgTMZ5Pb5aTrqYg86RcZaIZC2Cz+qpZ9DsX36WHGjvWnXPqdnblhw==
    dependencies:
      chalk "^4.1.0"
      date-fns "^2.16.1"
      lodash "^4.17.21"
      rxjs "^6.6.3"
      shell-quote "^1.7.3"
      spawn-command "^0.0.2-1"
      supports-color "^8.1.0"
      tree-kill "^1.2.2"
      yargs "^17.3.1"
  
  condense-newlines@^0.2.1:
    version "0.2.1"
    resolved "https://registry.npmjs.org/condense-newlines/-/condense-newlines-0.2.1.tgz"
    integrity sha1-PemFVTE5R10yUCyDsC9gaE0kxV8=
    dependencies:
      extend-shallow "^2.0.1"
      is-whitespace "^0.3.0"
      kind-of "^3.0.2"
  
  config-chain@^1.1.13:
    version "1.1.13"
    resolved "https://registry.npmjs.org/config-chain/-/config-chain-1.1.13.tgz"
    integrity sha512-qj+f8APARXHrM0hraqXYb2/bOVSV4PvJQlNZ/DVj0QrmNM2q2euizkeuVckQ57J+W0mRH6Hvi+k50M4Jul2VRQ==
    dependencies:
      ini "^1.3.4"
      proto-list "~1.2.1"
  
  configstore@^5.0.1:
    version "5.0.1"
    resolved "https://registry.npmjs.org/configstore/-/configstore-5.0.1.tgz"
    integrity sha512-aMKprgk5YhBNyH25hj8wGt2+D52Sw1DRRIzqBwLp2Ya9mFmY8KPvvtvmna8SxVR9JMZ4kzMD68N22vlaRpkeFA==
    dependencies:
      dot-prop "^5.2.0"
      graceful-fs "^4.1.2"
      make-dir "^3.0.0"
      unique-string "^2.0.0"
      write-file-atomic "^3.0.0"
      xdg-basedir "^4.0.0"
  
  consolidate@0.15.1:
    version "0.15.1"
    resolved "https://registry.npmjs.org/consolidate/-/consolidate-0.15.1.tgz"
    integrity sha512-DW46nrsMJgy9kqAbPt5rKaCr7uFtpo4mSUvLHIUbJEjm0vo+aY5QLwBUq3FK4tRnJr/X0Psc0C4jf/h+HtXSMw==
    dependencies:
      bluebird "^3.1.1"
  
  constantinople@^3.0.1, constantinople@^3.1.2:
    version "3.1.2"
    resolved "https://registry.npmjs.org/constantinople/-/constantinople-3.1.2.tgz"
    integrity sha512-yePcBqEFhLOqSBtwYOGGS1exHo/s1xjekXiinh4itpNQGCu4KA1euPh1fg07N2wMITZXQkBz75Ntdt1ctGZouw==
    dependencies:
      "@types/babel-types" "^7.0.0"
      "@types/babylon" "^6.16.2"
      babel-types "^6.26.0"
      babylon "^6.18.0"
  
  content-disposition@~0.5.2:
    version "0.5.4"
    resolved "https://registry.npmjs.org/content-disposition/-/content-disposition-0.5.4.tgz"
    integrity sha512-FveZTNuGw04cxlAiWbzi6zTAL/lhehaWbTtgluJh4/E95DqMwTmha3KZN1aAWA8cFIhHzMZUvLevkw5Rqk+tSQ==
    dependencies:
      safe-buffer "5.2.1"
  
  content-type@^1.0.4:
    version "1.0.4"
    resolved "https://registry.npmjs.org/content-type/-/content-type-1.0.4.tgz"
    integrity sha512-hIP3EEPs8tB9AT1L+NUqtwOAps4mk2Zob89MWXMHjHWg9milF/j4osnnQLXBCBFBk/tvIG/tUc9mOUJiPBhPXA==
  
  cookies@~0.8.0:
    version "0.8.0"
    resolved "https://registry.npmjs.org/cookies/-/cookies-0.8.0.tgz"
    integrity sha512-8aPsApQfebXnuI+537McwYsDtjVxGm8gTIzQI3FDW6t5t/DAhERxtnbEPN/8RX+uZthoz4eCOgloXaE5cYyNow==
    dependencies:
      depd "~2.0.0"
      keygrip "~1.1.0"
  
  copy-to@^2.0.1:
    version "2.0.1"
    resolved "https://registry.npmjs.org/copy-to/-/copy-to-2.0.1.tgz"
    integrity sha1-JoD7uAaKSNCGVrYJgJK9r8kG9KU=
  
  core-js@^2.4.0:
    version "2.6.12"
    resolved "https://registry.npmjs.org/core-js/-/core-js-2.6.12.tgz"
    integrity sha512-Kb2wC0fvsWfQrgk8HU5lW6U/Lcs8+9aaYcy4ZFc6DDlo4nZ7n70dEgE5rtR0oG6ufKDUnrwfWL1mXR5ljDatrQ==
  
  core-util-is@~1.0.0:
    version "1.0.3"
    resolved "https://registry.npmjs.org/core-util-is/-/core-util-is-1.0.3.tgz"
    integrity sha512-ZQBvi1DcpJ4GDqanjucZ2Hj3wEO5pZDS89BWbkcrvdxksJorwUDDZamX9ldFkp9aw2lmBDLgkObEA4DWNJ9FYQ==
  
  crypto-random-string@^2.0.0:
    version "2.0.0"
    resolved "https://registry.npmjs.org/crypto-random-string/-/crypto-random-string-2.0.0.tgz"
    integrity sha512-v1plID3y9r/lPhviJ1wrXpLeyUIGAZ2SHNYTEapm7/8A9nLPoyvVp3RK/EPFqn5kEznyWgYZNsRtYYIWbuG8KA==
  
  date-fns@^2.16.1:
    version "2.28.0"
    resolved "https://registry.yarnpkg.com/date-fns/-/date-fns-2.28.0.tgz#9570d656f5fc13143e50c975a3b6bbeb46cd08b2"
    integrity sha512-8d35hViGYx/QH0icHYCeLmsLmMUheMmTyV9Fcm6gvNwdw31yXXH+O85sOBJ+OLnLQMKZowvpKb6FgMIQjcpvQw==
  
  debug@^3.1.0, debug@^3.2.7:
    version "3.2.7"
    resolved "https://registry.npmjs.org/debug/-/debug-3.2.7.tgz"
    integrity sha512-CFjzYYAi4ThfiQvizrFQevTTXHtnCqWfe7x1AhgEscTz6ZbLbfoLRLPugTQyBth6f8ZERVUSyWHFD/7Wu4t1XQ==
    dependencies:
      ms "^2.1.1"
  
  debug@^4.1.0, debug@^4.1.1, debug@^4.3.2:
    version "4.3.4"
    resolved "https://registry.npmjs.org/debug/-/debug-4.3.4.tgz"
    integrity sha512-PRWFHuSU3eDtQJPvnNY7Jcket1j0t5OuOsFzPPzsekD52Zl8qUfFIPEiswXqIvHWGVHOgX+7G/vCNNhehwxfkQ==
    dependencies:
      ms "2.1.2"
  
  decamelize@^1.0.0:
    version "1.2.0"
    resolved "https://registry.npmjs.org/decamelize/-/decamelize-1.2.0.tgz"
    integrity sha1-9lNNFRSCabIDUue+4m9QH5oZEpA=
  
  decompress-response@^3.3.0:
    version "3.3.0"
    resolved "https://registry.npmjs.org/decompress-response/-/decompress-response-3.3.0.tgz"
    integrity sha1-gKTdMjdIOEv6JICDYirt7Jgq3/M=
    dependencies:
      mimic-response "^1.0.0"
  
  deep-equal@~1.0.1:
    version "1.0.1"
    resolved "https://registry.npmjs.org/deep-equal/-/deep-equal-1.0.1.tgz"
    integrity sha1-9dJgKStmDghO/0zbyfCK0yR0SLU=
  
  deep-extend@^0.6.0:
    version "0.6.0"
    resolved "https://registry.npmjs.org/deep-extend/-/deep-extend-0.6.0.tgz"
    integrity sha512-LOHxIOaPYdHlJRtCQfDIVZtfw/ufM8+rVj649RIHzcm/vGwQRXFt6OPqIFWsm2XEMrNIEtWR64sY1LEKD2vAOA==
  
  defer-to-connect@^1.0.1:
    version "1.1.3"
    resolved "https://registry.npmjs.org/defer-to-connect/-/defer-to-connect-1.1.3.tgz"
    integrity sha512-0ISdNousHvZT2EiFlZeZAHBUvSxmKswVCEf8hW7KWgG4a8MVEu/3Vb6uWYozkjylyCxe0JBIiRB1jV45S70WVQ==
  
  delegates@^1.0.0:
    version "1.0.0"
    resolved "https://registry.npmjs.org/delegates/-/delegates-1.0.0.tgz"
    integrity sha1-hMbhWbgZBP3KWaDvRM2HDTElD5o=
  
  depd@2.0.0, depd@^2.0.0, depd@~2.0.0:
    version "2.0.0"
    resolved "https://registry.npmjs.org/depd/-/depd-2.0.0.tgz"
    integrity sha512-g7nH6P6dyDioJogAAGprGpCtVImJhpPk/roCzdb3fIh61/s/nPsfR6onyMwkCAR/OlC3yBC0lESvUoQEAssIrw==
  
  depd@~1.1.2:
    version "1.1.2"
    resolved "https://registry.npmjs.org/depd/-/depd-1.1.2.tgz"
    integrity sha1-m81S4UwJd2PnSbJ0xDRu0uVgtak=
  
  destroy@^1.0.4:
    version "1.2.0"
    resolved "https://registry.npmjs.org/destroy/-/destroy-1.2.0.tgz"
    integrity sha512-2sJGJTaXIIaR1w4iJSNoN0hnMY7Gpc/n8D4qSCJw8QqFWXf7cuAgnEHxBpweaVcPevC2l3KpjYCx3NypQQgaJg==
  
  doctypes@^1.1.0:
    version "1.1.0"
    resolved "https://registry.npmjs.org/doctypes/-/doctypes-1.1.0.tgz"
    integrity sha1-6oCxBqh1OHdOijpKWv4pPeSJ4Kk=
  
  dot-prop@^5.2.0:
    version "5.3.0"
    resolved "https://registry.npmjs.org/dot-prop/-/dot-prop-5.3.0.tgz"
    integrity sha512-QM8q3zDe58hqUqjraQOmzZ1LIH9SWQJTlEKCH4kJ2oQvLZk7RbQXvtDM2XEq3fwkV9CCvvH4LA0AV+ogFsBM2Q==
    dependencies:
      is-obj "^2.0.0"
  
  duplexer3@^0.1.4:
    version "0.1.4"
    resolved "https://registry.npmjs.org/duplexer3/-/duplexer3-0.1.4.tgz"
    integrity sha1-7gHdHKwO08vH/b6jfcCo8c4ALOI=
  
  editorconfig@^0.15.3:
    version "0.15.3"
    resolved "https://registry.npmjs.org/editorconfig/-/editorconfig-0.15.3.tgz"
    integrity sha512-M9wIMFx96vq0R4F+gRpY3o2exzb8hEj/n9S8unZtHSvYjibBp/iMufSzvmOcV/laG0ZtuTVGtiJggPOSW2r93g==
    dependencies:
      commander "^2.19.0"
      lru-cache "^4.1.5"
      semver "^5.6.0"
      sigmund "^1.0.1"
  
  ee-first@1.1.1:
    version "1.1.1"
    resolved "https://registry.npmjs.org/ee-first/-/ee-first-1.1.1.tgz"
    integrity sha1-WQxhFWsK4vTwJVcyoViyZrxWsh0=
  
  emoji-regex@^8.0.0:
    version "8.0.0"
    resolved "https://registry.npmjs.org/emoji-regex/-/emoji-regex-8.0.0.tgz"
    integrity sha512-MSjYzcWNOA0ewAHpz0MxpYFvwg6yjy1NG3xteoqz644VCo/RPgnr1/GGt+ic3iJTzQ8Eu3TdM14SawnVUmGE6A==
  
  encodeurl@^1.0.2:
    version "1.0.2"
    resolved "https://registry.npmjs.org/encodeurl/-/encodeurl-1.0.2.tgz"
    integrity sha1-rT/0yG7C0CkyL1oCw6mmBslbP1k=
  
  end-of-stream@^1.1.0:
    version "1.4.4"
    resolved "https://registry.npmjs.org/end-of-stream/-/end-of-stream-1.4.4.tgz"
    integrity sha512-+uw1inIHVPQoaVuHzRyXd21icM+cnt4CzD5rW+NC1wjOUSTOs+Te7FOv7AhN7vS9x/oIyhLP5PR1H+phQAHu5Q==
    dependencies:
      once "^1.4.0"
  
  escalade@^3.1.1:
    version "3.1.1"
    resolved "https://registry.yarnpkg.com/escalade/-/escalade-3.1.1.tgz#d8cfdc7000965c5a0174b4a82eaa5c0552742e40"
    integrity sha512-k0er2gUkLf8O0zKJiAhmkTnJlTvINGv7ygDNPbeIsX/TJjGJZHuh9B2UxbsaEkmlEo9MfhrSzmhIlhRlI2GXnw==
  
  escape-goat@^2.0.0:
    version "2.1.1"
    resolved "https://registry.npmjs.org/escape-goat/-/escape-goat-2.1.1.tgz"
    integrity sha512-8/uIhbG12Csjy2JEW7D9pHbreaVaS/OpN3ycnyvElTdwM5n6GY6W6e2IPemfvGZeUMqZ9A/3GqIZMgKnBhAw/Q==
  
  escape-html@^1.0.3:
    version "1.0.3"
    resolved "https://registry.npmjs.org/escape-html/-/escape-html-1.0.3.tgz"
    integrity sha1-Aljq5NPQwJdN4cFpGI7wBR0dGYg=
  
  escape-string-regexp@^1.0.5:
    version "1.0.5"
    resolved "https://registry.npmjs.org/escape-string-regexp/-/escape-string-regexp-1.0.5.tgz"
    integrity sha1-G2HAViGQqN/2rjuyzwIAyhMLhtQ=
  
  esutils@^2.0.2:
    version "2.0.3"
    resolved "https://registry.npmjs.org/esutils/-/esutils-2.0.3.tgz"
    integrity sha512-kVscqXk4OCp68SZ0dkgEKVi6/8ij300KBWTJq32P/dYeWTSwK41WyTxalN1eRmA5Z9UU/LX9D7FWSmV9SAYx6g==
  
  extend-shallow@^2.0.1:
    version "2.0.1"
    resolved "https://registry.npmjs.org/extend-shallow/-/extend-shallow-2.0.1.tgz"
    integrity sha1-Ua99YUrZqfYQ6huvu5idaxxWiQ8=
    dependencies:
      is-extendable "^0.1.0"
  
  fill-range@^7.0.1:
    version "7.0.1"
    resolved "https://registry.npmjs.org/fill-range/-/fill-range-7.0.1.tgz"
    integrity sha512-qOo9F+dMUmC2Lcb4BbVvnKJxTPjCm+RRpe4gDuGrzkL7mEVl/djYSu2OdQ2Pa302N4oqkSg9ir6jaLWJ2USVpQ==
    dependencies:
      to-regex-range "^5.0.1"
  
  fresh@~0.5.2:
    version "0.5.2"
    resolved "https://registry.npmjs.org/fresh/-/fresh-0.5.2.tgz"
    integrity sha1-PYyt2Q2XZWn6g1qx+OSyOhBWBac=
  
  fs.realpath@^1.0.0:
    version "1.0.0"
    resolved "https://registry.npmjs.org/fs.realpath/-/fs.realpath-1.0.0.tgz"
    integrity sha1-FQStJSMVjKpA20onh8sBQRmU6k8=
  
  fsevents@~2.3.2:
    version "2.3.2"
    resolved "https://registry.yarnpkg.com/fsevents/-/fsevents-2.3.2.tgz#8a526f78b8fdf4623b709e0b975c52c24c02fd1a"
    integrity sha512-xiqMQR4xAeHTuB9uWm+fFRcIOgKBMiOBP+eXiyT7jsgVCq1bkVygt00oASowB7EdtpOHaaPgKt812P9ab+DDKA==
  
  function-bind@^1.1.1:
    version "1.1.1"
    resolved "https://registry.npmjs.org/function-bind/-/function-bind-1.1.1.tgz"
    integrity sha512-yIovAzMX49sF8Yl58fSCWJ5svSLuaibPxXQJFLmBObTuCr0Mf1KiPopGM9NiFjiYBCbfaa2Fh6breQ6ANVTI0A==
  
  get-caller-file@^2.0.5:
    version "2.0.5"
    resolved "https://registry.yarnpkg.com/get-caller-file/-/get-caller-file-2.0.5.tgz#4f94412a82db32f36e3b0b9741f8a97feb031f7e"
    integrity sha512-DyFP3BM/3YHTQOCUL/w0OZHR0lpKeGrxotcHWcqNEdnltqFwXVfhEBQ94eIo34AfQpo0rGki4cyIiftY06h2Fg==
  
  get-intrinsic@^1.0.2:
    version "1.1.1"
    resolved "https://registry.npmjs.org/get-intrinsic/-/get-intrinsic-1.1.1.tgz"
    integrity sha512-kWZrnVM42QCiEA2Ig1bG8zjoIMOgxWwYCEeNdwY6Tv/cOSeGpcoX4pXHfKUxNKVoArnrEr2e9srnAxxGIraS9Q==
    dependencies:
      function-bind "^1.1.1"
      has "^1.0.3"
      has-symbols "^1.0.1"
  
  get-paths@0.0.7:
    version "0.0.7"
    resolved "https://registry.npmjs.org/get-paths/-/get-paths-0.0.7.tgz"
    integrity sha512-0wdJt7C1XKQxuCgouqd+ZvLJ56FQixKoki9MrFaO4EriqzXOiH9gbukaDE1ou08S8Ns3/yDzoBAISNPqj6e6tA==
    dependencies:
      pify "^4.0.1"
  
  get-stream@^4.1.0:
    version "4.1.0"
    resolved "https://registry.npmjs.org/get-stream/-/get-stream-4.1.0.tgz"
    integrity sha512-GMat4EJ5161kIy2HevLlr4luNjBgvmj413KaQA7jt4V8B4RDsfpHk7WQ9GVqfYyyx8OS/L66Kox+rJRNklLK7w==
    dependencies:
      pump "^3.0.0"
  
  get-stream@^5.1.0:
    version "5.2.0"
    resolved "https://registry.npmjs.org/get-stream/-/get-stream-5.2.0.tgz"
    integrity sha512-nBF+F1rAZVCu/p7rjzgA+Yb4lfYXrpl7a6VmJrU8wF9I1CKvP/QwPNZHnOlwbTkY6dvtFIzFMSyQXbLoTQPRpA==
    dependencies:
      pump "^3.0.0"
  
  glob-parent@~5.1.2:
    version "5.1.2"
    resolved "https://registry.npmjs.org/glob-parent/-/glob-parent-5.1.2.tgz"
    integrity sha512-AOIgSQCepiJYwP3ARnGx+5VnTu2HBYdzbGP45eLw1vr3zB3vZLeyed1sC9hnbcOc9/SrMyM5RPQrkGz4aS9Zow==
    dependencies:
      is-glob "^4.0.1"
  
  glob@^7.1.3:
    version "7.2.3"
    resolved "https://registry.npmjs.org/glob/-/glob-7.2.3.tgz"
    integrity sha512-nFR0zLpU2YCaRxwoCJvL6UvCH2JFyFVIvwTLsIf21AuHlMskA1hhTdk+LlYJtOlYt9v6dvszD2BGRqBL+iQK9Q==
    dependencies:
      fs.realpath "^1.0.0"
      inflight "^1.0.4"
      inherits "2"
      minimatch "^3.1.1"
      once "^1.3.0"
      path-is-absolute "^1.0.0"
  
  global-dirs@^3.0.0:
    version "3.0.0"
    resolved "https://registry.npmjs.org/global-dirs/-/global-dirs-3.0.0.tgz"
    integrity sha512-v8ho2DS5RiCjftj1nD9NmnfaOzTdud7RRnVd9kFNOjqZbISlx5DQ+OrTkywgd0dIt7oFCvKetZSHoHcP3sDdiA==
    dependencies:
      ini "2.0.0"
  
  got@^9.6.0:
    version "9.6.0"
    resolved "https://registry.npmjs.org/got/-/got-9.6.0.tgz"
    integrity sha512-R7eWptXuGYxwijs0eV+v3o6+XH1IqVK8dJOEecQfTmkncw9AV4dcw/Dhxi8MdlqPthxxpZyizMzyg8RTmEsG+Q==
    dependencies:
      "@sindresorhus/is" "^0.14.0"
      "@szmarczak/http-timer" "^1.1.2"
      cacheable-request "^6.0.0"
      decompress-response "^3.3.0"
      duplexer3 "^0.1.4"
      get-stream "^4.1.0"
      lowercase-keys "^1.0.1"
      mimic-response "^1.0.1"
      p-cancelable "^1.0.0"
      to-readable-stream "^1.0.0"
      url-parse-lax "^3.0.0"
  
  graceful-fs@^4.1.2:
    version "4.2.10"
    resolved "https://registry.npmjs.org/graceful-fs/-/graceful-fs-4.2.10.tgz"
    integrity sha512-9ByhssR2fPVsNZj478qUUbKfmL0+t5BDVyjShtyZZLiK7ZDAArFFfopyOTj0M05wE2tJPisA4iTnnXl2YoPvOA==
  
  has-flag@^3.0.0:
    version "3.0.0"
    resolved "https://registry.npmjs.org/has-flag/-/has-flag-3.0.0.tgz"
    integrity sha1-tdRU3CGZriJWmfNGfloH87lVuv0=
  
  has-flag@^4.0.0:
    version "4.0.0"
    resolved "https://registry.npmjs.org/has-flag/-/has-flag-4.0.0.tgz"
    integrity sha512-EykJT/Q1KjTWctppgIAgfSO0tKVuZUjhgMr17kqTumMl6Afv3EISleU7qZUzoXDFTAHTDC4NOoG/ZxU3EvlMPQ==
  
  has-symbols@^1.0.1, has-symbols@^1.0.2:
    version "1.0.3"
    resolved "https://registry.npmjs.org/has-symbols/-/has-symbols-1.0.3.tgz"
    integrity sha512-l3LCuF6MgDNwTDKkdYGEihYjt5pRPbEg46rtlmnSPlUbgmB8LOIrKJbYYFBSbnPaJexMKtiPO8hmeRjRz2Td+A==
  
  has-tostringtag@^1.0.0:
    version "1.0.0"
    resolved "https://registry.npmjs.org/has-tostringtag/-/has-tostringtag-1.0.0.tgz"
    integrity sha512-kFjcSNhnlGV1kyoGk7OXKSawH5JOb/LzUc5w9B02hOTO0dfFRjbHQKvg1d6cf3HbeUmtU9VbbV3qzZ2Teh97WQ==
    dependencies:
      has-symbols "^1.0.2"
  
  has-yarn@^2.1.0:
    version "2.1.0"
    resolved "https://registry.npmjs.org/has-yarn/-/has-yarn-2.1.0.tgz"
    integrity sha512-UqBRqi4ju7T+TqGNdqAO0PaSVGsDGJUBQvk9eUWNGRY1CFGDzYhLWoM7JQEemnlvVcv/YEmc2wNW8BC24EnUsw==
  
  has@^1.0.3:
    version "1.0.3"
    resolved "https://registry.npmjs.org/has/-/has-1.0.3.tgz"
    integrity sha512-f2dvO0VU6Oej7RkWJGrehjbzMAjFp5/VKPp5tTpWIV4JHHZK1/BxbFRtf/siA2SWTe09caDmVtYYzWEIbBS4zw==
    dependencies:
      function-bind "^1.1.1"
  
  http-assert@^1.3.0:
    version "1.5.0"
    resolved "https://registry.npmjs.org/http-assert/-/http-assert-1.5.0.tgz"
    integrity sha512-uPpH7OKX4H25hBmU6G1jWNaqJGpTXxey+YOUizJUAgu0AjLUeC8D73hTrhvDS5D+GJN1DN1+hhc/eF/wpxtp0w==
    dependencies:
      deep-equal "~1.0.1"
      http-errors "~1.8.0"
  
  http-cache-semantics@^4.0.0:
    version "4.1.0"
    resolved "https://registry.npmjs.org/http-cache-semantics/-/http-cache-semantics-4.1.0.tgz"
    integrity sha512-carPklcUh7ROWRK7Cv27RPtdhYhUsela/ue5/jKzjegVvXDqM2ILE9Q2BGn9JZJh1g87cp56su/FgQSzcWS8cQ==
  
  http-errors@2.0.0:
    version "2.0.0"
    resolved "https://registry.npmjs.org/http-errors/-/http-errors-2.0.0.tgz"
    integrity sha512-FtwrG/euBzaEjYeRqOgly7G0qviiXoJWnvEH2Z1plBdXgbyjv34pHTSb9zoeHMyDy33+DWy5Wt9Wo+TURtOYSQ==
    dependencies:
      depd "2.0.0"
      inherits "2.0.4"
      setprototypeof "1.2.0"
      statuses "2.0.1"
      toidentifier "1.0.1"
  
  http-errors@^1.3.1, http-errors@^1.6.3, http-errors@^1.7.3, http-errors@~1.8.0:
    version "1.8.1"
    resolved "https://registry.npmjs.org/http-errors/-/http-errors-1.8.1.tgz"
    integrity sha512-Kpk9Sm7NmI+RHhnj6OIWDI1d6fIoFAtFt9RLaTMRlg/8w49juAStsrBgp0Dp4OdxdVbRIeKhtCUvoi/RuAhO4g==
    dependencies:
      depd "~1.1.2"
      inherits "2.0.4"
      setprototypeof "1.2.0"
      statuses ">= 1.5.0 < 2"
      toidentifier "1.0.1"
  
  http-errors@~1.6.2:
    version "1.6.3"
    resolved "https://registry.npmjs.org/http-errors/-/http-errors-1.6.3.tgz"
    integrity sha1-i1VoC7S+KDoLW/TqLjhYC+HZMg0=
    dependencies:
      depd "~1.1.2"
      inherits "2.0.3"
      setprototypeof "1.1.0"
      statuses ">= 1.4.0 < 2"
  
  humanize-number@0.0.2:
    version "0.0.2"
    resolved "https://registry.npmjs.org/humanize-number/-/humanize-number-0.0.2.tgz"
    integrity sha1-EcCvakcWQ2M1iFiASPF5lUFInBg=
  
  iconv-lite@0.4.24:
    version "0.4.24"
    resolved "https://registry.npmjs.org/iconv-lite/-/iconv-lite-0.4.24.tgz"
    integrity sha512-v3MXnZAcvnywkTUEZomIActle7RXXeedOR31wwl7VlyoXO4Qi9arvSenNQWne1TcRwhCL1HwLI21bEqdpj8/rA==
    dependencies:
      safer-buffer ">= 2.1.2 < 3"
  
  ignore-by-default@^1.0.1:
    version "1.0.1"
    resolved "https://registry.npmjs.org/ignore-by-default/-/ignore-by-default-1.0.1.tgz"
    integrity sha1-SMptcvbGo68Aqa1K5odr44ieKwk=
  
  import-lazy@^2.1.0:
    version "2.1.0"
    resolved "https://registry.npmjs.org/import-lazy/-/import-lazy-2.1.0.tgz"
    integrity sha1-BWmOPUXIjo1+nZLLBYTnfwlvPkM=
  
  imurmurhash@^0.1.4:
    version "0.1.4"
    resolved "https://registry.npmjs.org/imurmurhash/-/imurmurhash-0.1.4.tgz"
    integrity sha1-khi5srkoojixPcT7a21XbyMUU+o=
  
  inflation@^2.0.0:
    version "2.0.0"
    resolved "https://registry.npmjs.org/inflation/-/inflation-2.0.0.tgz"
    integrity sha1-i0F+R8KPklpFEz2RTKH9OJEH8w8=
  
  inflight@^1.0.4:
    version "1.0.6"
    resolved "https://registry.npmjs.org/inflight/-/inflight-1.0.6.tgz"
    integrity sha1-Sb1jMdfQLQwJvJEKEHW6gWW1bfk=
    dependencies:
      once "^1.3.0"
      wrappy "1"
  
  inherits@2, inherits@2.0.4, inherits@~2.0.3:
    version "2.0.4"
    resolved "https://registry.npmjs.org/inherits/-/inherits-2.0.4.tgz"
    integrity sha512-k/vGaX4/Yla3WzyMCvTQOXYeIHvqOKtnqBduzTHpzpQZzAskKMhZ2K+EnBiSM9zGSoIFeMpXKxa4dYeZIQqewQ==
  
  inherits@2.0.3:
    version "2.0.3"
    resolved "https://registry.npmjs.org/inherits/-/inherits-2.0.3.tgz"
    integrity sha1-Yzwsg+PaQqUC9SRmAiSA9CCCYd4=
  
  ini@2.0.0:
    version "2.0.0"
    resolved "https://registry.npmjs.org/ini/-/ini-2.0.0.tgz"
    integrity sha512-7PnF4oN3CvZF23ADhA5wRaYEQpJ8qygSkbtTXWBeXWXmEVRXK+1ITciHWwHhsjv1TmW0MgacIv6hEi5pX5NQdA==
  
  ini@^1.3.4, ini@~1.3.0:
    version "1.3.8"
    resolved "https://registry.npmjs.org/ini/-/ini-1.3.8.tgz"
    integrity sha512-JV/yugV2uzW5iMRSiZAyDtQd+nxtUnjeLt0acNdw98kKLrvuRVyB80tsREOE7yvGVgalhZ6RNXCmEHkUKBKxew==
  
  is-binary-path@~2.1.0:
    version "2.1.0"
    resolved "https://registry.npmjs.org/is-binary-path/-/is-binary-path-2.1.0.tgz"
    integrity sha512-ZMERYes6pDydyuGidse7OsHxtbI7WVeUEozgR/g7rd0xUimYNlvZRE/K2MgZTjWy725IfelLeVcEM97mmtRGXw==
    dependencies:
      binary-extensions "^2.0.0"
  
  is-buffer@^1.1.5:
    version "1.1.6"
    resolved "https://registry.npmjs.org/is-buffer/-/is-buffer-1.1.6.tgz"
    integrity sha512-NcdALwpXkTm5Zvvbk7owOUSvVvBKDgKP5/ewfXEznmQFfs4ZRmanOeKBTjRVjka3QFoN6XJ+9F3USqfHqTaU5w==
  
  is-ci@^2.0.0:
    version "2.0.0"
    resolved "https://registry.npmjs.org/is-ci/-/is-ci-2.0.0.tgz"
    integrity sha512-YfJT7rkpQB0updsdHLGWrvhBJfcfzNNawYDNIyQXJz0IViGf75O8EBPKSdvw2rF+LGCsX4FZ8tcr3b19LcZq4w==
    dependencies:
      ci-info "^2.0.0"
  
  is-core-module@^2.8.1:
    version "2.9.0"
    resolved "https://registry.npmjs.org/is-core-module/-/is-core-module-2.9.0.tgz"
    integrity sha512-+5FPy5PnwmO3lvfMb0AsoPaBG+5KHUI0wYFXOtYPnVVVspTFUuMZNfNaNVRt3FZadstu2c8x23vykRW/NBoU6A==
    dependencies:
      has "^1.0.3"
  
  is-expression@^3.0.0:
    version "3.0.0"
    resolved "https://registry.npmjs.org/is-expression/-/is-expression-3.0.0.tgz"
    integrity sha1-Oayqa+f9HzRx3ELHQW5hwkMXrJ8=
    dependencies:
      acorn "~4.0.2"
      object-assign "^4.0.1"
  
  is-extendable@^0.1.0:
    version "0.1.1"
    resolved "https://registry.npmjs.org/is-extendable/-/is-extendable-0.1.1.tgz"
    integrity sha1-YrEQ4omkcUGOPsNqYX1HLjAd/Ik=
  
  is-extglob@^2.1.1:
    version "2.1.1"
    resolved "https://registry.npmjs.org/is-extglob/-/is-extglob-2.1.1.tgz"
    integrity sha1-qIwCU1eR8C7TfHahueqXc8gz+MI=
  
  is-fullwidth-code-point@^3.0.0:
    version "3.0.0"
    resolved "https://registry.npmjs.org/is-fullwidth-code-point/-/is-fullwidth-code-point-3.0.0.tgz"
    integrity sha512-zymm5+u+sCsSWyD9qNaejV3DFvhCKclKdizYaJUuHA83RLjb7nSuGnddCHGv0hk+KY7BMAlsWeK4Ueg6EV6XQg==
  
  is-generator-function@^1.0.7:
    version "1.0.10"
    resolved "https://registry.npmjs.org/is-generator-function/-/is-generator-function-1.0.10.tgz"
    integrity sha512-jsEjy9l3yiXEQ+PsXdmBwEPcOxaXWLspKdplFUVI9vq1iZgIekeC0L167qeu86czQaxed3q/Uzuw0swL0irL8A==
    dependencies:
      has-tostringtag "^1.0.0"
  
  is-glob@^4.0.1, is-glob@~4.0.1:
    version "4.0.3"
    resolved "https://registry.npmjs.org/is-glob/-/is-glob-4.0.3.tgz"
    integrity sha512-xelSayHH36ZgE7ZWhli7pW34hNbNl8Ojv5KVmkJD4hBdD3th8Tfk9vYasLM+mXWOZhFkgZfxhLSnrwRr4elSSg==
    dependencies:
      is-extglob "^2.1.1"
  
  is-installed-globally@^0.4.0:
    version "0.4.0"
    resolved "https://registry.npmjs.org/is-installed-globally/-/is-installed-globally-0.4.0.tgz"
    integrity sha512-iwGqO3J21aaSkC7jWnHP/difazwS7SFeIqxv6wEtLU8Y5KlzFTjyqcSIT0d8s4+dDhKytsk9PJZ2BkS5eZwQRQ==
    dependencies:
      global-dirs "^3.0.0"
      is-path-inside "^3.0.2"
  
  is-npm@^5.0.0:
    version "5.0.0"
    resolved "https://registry.npmjs.org/is-npm/-/is-npm-5.0.0.tgz"
    integrity sha512-WW/rQLOazUq+ST/bCAVBp/2oMERWLsR7OrKyt052dNDk4DHcDE0/7QSXITlmi+VBcV13DfIbysG3tZJm5RfdBA==
  
  is-number@^7.0.0:
    version "7.0.0"
    resolved "https://registry.npmjs.org/is-number/-/is-number-7.0.0.tgz"
    integrity sha512-41Cifkg6e8TylSpdtTpeLVMqvSBEVzTttHvERD741+pnZ8ANv0004MRL43QKPDlK9cGvNp6NZWZUBlbGXYxxng==
  
  is-obj@^2.0.0:
    version "2.0.0"
    resolved "https://registry.npmjs.org/is-obj/-/is-obj-2.0.0.tgz"
    integrity sha512-drqDG3cbczxxEJRoOXcOjtdp1J/lyp1mNn0xaznRs8+muBhgQcrnbspox5X5fOw0HnMnbfDzvnEMEtqDEJEo8w==
  
  is-path-inside@^3.0.2:
    version "3.0.3"
    resolved "https://registry.npmjs.org/is-path-inside/-/is-path-inside-3.0.3.tgz"
    integrity sha512-Fd4gABb+ycGAmKou8eMftCupSir5lRxqf4aD/vd0cD2qc4HL07OjCeuHMr8Ro4CoMaeCKDB0/ECBOVWjTwUvPQ==
  
  is-promise@^2.0.0:
    version "2.2.2"
    resolved "https://registry.npmjs.org/is-promise/-/is-promise-2.2.2.tgz"
    integrity sha512-+lP4/6lKUBfQjZ2pdxThZvLUAafmZb8OAxFb8XXtiQmS35INgr85hdOGoEs124ez1FCnZJt6jau/T+alh58QFQ==
  
  is-regex@^1.0.3:
    version "1.1.4"
    resolved "https://registry.npmjs.org/is-regex/-/is-regex-1.1.4.tgz"
    integrity sha512-kvRdxDsxZjhzUX07ZnLydzS1TU/TJlTUHHY4YLL87e37oUA49DfkLqgy+VjFocowy29cKvcSiu+kIv728jTTVg==
    dependencies:
      call-bind "^1.0.2"
      has-tostringtag "^1.0.0"
  
  is-typedarray@^1.0.0:
    version "1.0.0"
    resolved "https://registry.npmjs.org/is-typedarray/-/is-typedarray-1.0.0.tgz"
    integrity sha1-5HnICFjfDBsR3dppQPlgEfzaSpo=
  
  is-whitespace@^0.3.0:
    version "0.3.0"
    resolved "https://registry.npmjs.org/is-whitespace/-/is-whitespace-0.3.0.tgz"
    integrity sha1-Fjnssb4DauxppUy7QBz77XEUq38=
  
  is-yarn-global@^0.3.0:
    version "0.3.0"
    resolved "https://registry.npmjs.org/is-yarn-global/-/is-yarn-global-0.3.0.tgz"
    integrity sha512-VjSeb/lHmkoyd8ryPVIKvOCn4D1koMqY+vqyjjUfc3xyKtP4dYOxM44sZrnqQSzSds3xyOrUTLTC9LVCVgLngw==
  
  isarray@0.0.1:
    version "0.0.1"
    resolved "https://registry.npmjs.org/isarray/-/isarray-0.0.1.tgz"
    integrity sha1-ihis/Kmo9Bd+Cav8YDiTmwXR7t8=
  
  isarray@~1.0.0:
    version "1.0.0"
    resolved "https://registry.npmjs.org/isarray/-/isarray-1.0.0.tgz"
    integrity sha1-u5NdSFgsuhaMBoNJV6VKPgcSTxE=
  
  js-beautify@^1.6.12:
    version "1.14.3"
    resolved "https://registry.npmjs.org/js-beautify/-/js-beautify-1.14.3.tgz"
    integrity sha512-f1ra8PHtOEu/70EBnmiUlV8nJePS58y9qKjl4JHfYWlFH6bo7ogZBz//FAZp7jDuXtYnGYKymZPlrg2I/9Zo4g==
    dependencies:
      config-chain "^1.1.13"
      editorconfig "^0.15.3"
      glob "^7.1.3"
      nopt "^5.0.0"
  
  js-stringify@^1.0.1:
    version "1.0.2"
    resolved "https://registry.npmjs.org/js-stringify/-/js-stringify-1.0.2.tgz"
    integrity sha1-Fzb939lyTyijaCrcYjCufk6Weds=
  
  json-buffer@3.0.0:
    version "3.0.0"
    resolved "https://registry.npmjs.org/json-buffer/-/json-buffer-3.0.0.tgz"
    integrity sha1-Wx85evx11ne96Lz8Dkfh+aPZqJg=
  
  json-stringify-safe@5:
    version "5.0.1"
    resolved "https://registry.npmjs.org/json-stringify-safe/-/json-stringify-safe-5.0.1.tgz"
    integrity sha1-Epai1Y/UXxmg9s4B1lcB4sc1tus=
  
  jstransformer@1.0.0:
    version "1.0.0"
    resolved "https://registry.npmjs.org/jstransformer/-/jstransformer-1.0.0.tgz"
    integrity sha1-7Yvwkh4vPx7U1cGkT2hwntJHIsM=
    dependencies:
      is-promise "^2.0.0"
      promise "^7.0.1"
  
  keygrip@~1.1.0:
    version "1.1.0"
    resolved "https://registry.npmjs.org/keygrip/-/keygrip-1.1.0.tgz"
    integrity sha512-iYSchDJ+liQ8iwbSI2QqsQOvqv58eJCEanyJPJi+Khyu8smkcKSFUCbPwzFcL7YVtZ6eONjqRX/38caJ7QjRAQ==
    dependencies:
      tsscmp "1.0.6"
  
  keyv@^3.0.0:
    version "3.1.0"
    resolved "https://registry.npmjs.org/keyv/-/keyv-3.1.0.tgz"
    integrity sha512-9ykJ/46SN/9KPM/sichzQ7OvXyGDYKGTaDlKMGCAlg2UK8KRy4jb0d8sFc+0Tt0YYnThq8X2RZgCg74RPxgcVA==
    dependencies:
      json-buffer "3.0.0"
  
  kind-of@^3.0.2:
    version "3.2.2"
    resolved "https://registry.npmjs.org/kind-of/-/kind-of-3.2.2.tgz"
    integrity sha1-MeohpzS6ubuw8yRm2JOupR5KPGQ=
    dependencies:
      is-buffer "^1.1.5"
  
  koa-bodyparser@^4.3.0:
    version "4.3.0"
    resolved "https://registry.yarnpkg.com/koa-bodyparser/-/koa-bodyparser-4.3.0.tgz#274c778555ff48fa221ee7f36a9fbdbace22759a"
    integrity sha512-uyV8G29KAGwZc4q/0WUAjH+Tsmuv9ImfBUF2oZVyZtaeo0husInagyn/JH85xMSxM0hEk/mbCII5ubLDuqW/Rw==
    dependencies:
      co-body "^6.0.0"
      copy-to "^2.0.1"
  
  koa-compose@^3.0.0:
    version "3.2.1"
    resolved "https://registry.npmjs.org/koa-compose/-/koa-compose-3.2.1.tgz"
    integrity sha1-qFzLQLfZhtjlo0Wzoazo6rz1Tec=
    dependencies:
      any-promise "^1.1.0"
  
  koa-compose@^4.1.0:
    version "4.1.0"
    resolved "https://registry.npmjs.org/koa-compose/-/koa-compose-4.1.0.tgz"
    integrity sha512-8ODW8TrDuMYvXRwra/Kh7/rJo9BtOfPc6qO8eAfC80CnCvSjSl0bkRM24X6/XBBEyj0v1nRUQ1LyOy3dbqOWXw==
  
  koa-convert@^1.2.0:
    version "1.2.0"
    resolved "https://registry.npmjs.org/koa-convert/-/koa-convert-1.2.0.tgz"
    integrity sha1-2kCHXfSd4FOQmNFwC1CCDOvNIdA=
    dependencies:
      co "^4.6.0"
      koa-compose "^3.0.0"
  
  koa-convert@^2.0.0:
    version "2.0.0"
    resolved "https://registry.npmjs.org/koa-convert/-/koa-convert-2.0.0.tgz"
    integrity sha512-asOvN6bFlSnxewce2e/DK3p4tltyfC4VM7ZwuTuepI7dEQVcvpyFuBcEARu1+Hxg8DIwytce2n7jrZtRlPrARA==
    dependencies:
      co "^4.6.0"
      koa-compose "^4.1.0"
  
  koa-is-json@1:
    version "1.0.0"
    resolved "https://registry.npmjs.org/koa-is-json/-/koa-is-json-1.0.0.tgz"
    integrity sha1-JzwH7c3Ljfaiwat9We52SRRR7BQ=
  
  koa-json@^2.0.2:
    version "2.0.2"
    resolved "https://registry.npmjs.org/koa-json/-/koa-json-2.0.2.tgz"
    integrity sha1-Nq8U5uofXWRtfESihXAcb4Wk/eQ=
    dependencies:
      koa-is-json "1"
      streaming-json-stringify "3"
  
  koa-logger@^3.2.0:
    version "3.2.1"
    resolved "https://registry.npmjs.org/koa-logger/-/koa-logger-3.2.1.tgz"
    integrity sha512-MjlznhLLKy9+kG8nAXKJLM0/ClsQp/Or2vI3a5rbSQmgl8IJBQO0KI5FA70BvW+hqjtxjp49SpH2E7okS6NmHg==
    dependencies:
      bytes "^3.1.0"
      chalk "^2.4.2"
      humanize-number "0.0.2"
      passthrough-counter "^1.0.0"
  
  koa-onerror@^4.1.0:
    version "4.2.0"
    resolved "https://registry.npmjs.org/koa-onerror/-/koa-onerror-4.2.0.tgz"
    integrity sha512-D15tp5rxevHqqcvOiEDbtQolG6z3NpBNupz3EUZz43pjYv5SGMom2Xz1FKM8oTya56+aq+hejPW/iBrNnC/UGQ==
    dependencies:
      escape-html "^1.0.3"
      stream-wormhole "^1.1.0"
  
  koa-router@^7.4.0:
    version "7.4.0"
    resolved "https://registry.npmjs.org/koa-router/-/koa-router-7.4.0.tgz"
    integrity sha512-IWhaDXeAnfDBEpWS6hkGdZ1ablgr6Q6pGdXCyK38RbzuH4LkUOpPqPw+3f8l8aTDrQmBQ7xJc0bs2yV4dzcO+g==
    dependencies:
      debug "^3.1.0"
      http-errors "^1.3.1"
      koa-compose "^3.0.0"
      methods "^1.0.1"
      path-to-regexp "^1.1.1"
      urijs "^1.19.0"
  
  koa-send@^5.0.0:
    version "5.0.1"
    resolved "https://registry.npmjs.org/koa-send/-/koa-send-5.0.1.tgz"
    integrity sha512-tmcyQ/wXXuxpDxyNXv5yNNkdAMdFRqwtegBXUaowiQzUKqJehttS0x2j0eOZDQAyloAth5w6wwBImnFzkUz3pQ==
    dependencies:
      debug "^4.1.1"
      http-errors "^1.7.3"
      resolve-path "^1.4.0"
  
  koa-static@^5.0.0:
    version "5.0.0"
    resolved "https://registry.npmjs.org/koa-static/-/koa-static-5.0.0.tgz"
    integrity sha512-UqyYyH5YEXaJrf9S8E23GoJFQZXkBVJ9zYYMPGz919MSX1KuvAcycIuS0ci150HCoPf4XQVhQ84Qf8xRPWxFaQ==
    dependencies:
      debug "^3.1.0"
      koa-send "^5.0.0"
  
  koa-views@^6.2.0:
    version "6.3.1"
    resolved "https://registry.npmjs.org/koa-views/-/koa-views-6.3.1.tgz"
    integrity sha512-weIaPs2cCHWT2qK8qHRmwlZ29xRCvUVy1v/z12AGavVV5j4QIU0W/Y7OVBBu1sTkcO9dDJ25ajGYHGZ/aY43IQ==
    dependencies:
      consolidate "0.15.1"
      debug "^4.1.0"
      get-paths "0.0.7"
      koa-send "^5.0.0"
      mz "^2.4.0"
      pretty "^2.0.0"
  
  koa@^2.7.0:
    version "2.13.4"
    resolved "https://registry.npmjs.org/koa/-/koa-2.13.4.tgz"
    integrity sha512-43zkIKubNbnrULWlHdN5h1g3SEKXOEzoAlRsHOTFpnlDu8JlAOZSMJBLULusuXRequboiwJcj5vtYXKB3k7+2g==
    dependencies:
      accepts "^1.3.5"
      cache-content-type "^1.0.0"
      content-disposition "~0.5.2"
      content-type "^1.0.4"
      cookies "~0.8.0"
      debug "^4.3.2"
      delegates "^1.0.0"
      depd "^2.0.0"
      destroy "^1.0.4"
      encodeurl "^1.0.2"
      escape-html "^1.0.3"
      fresh "~0.5.2"
      http-assert "^1.3.0"
      http-errors "^1.6.3"
      is-generator-function "^1.0.7"
      koa-compose "^4.1.0"
      koa-convert "^2.0.0"
      on-finished "^2.3.0"
      only "~0.0.2"
      parseurl "^1.3.2"
      statuses "^1.5.0"
      type-is "^1.6.16"
      vary "^1.1.2"
  
  latest-version@^5.1.0:
    version "5.1.0"
    resolved "https://registry.npmjs.org/latest-version/-/latest-version-5.1.0.tgz"
    integrity sha512-weT+r0kTkRQdCdYCNtkMwWXQTMEswKrFBkm4ckQOMVhhqhIMI1UT2hMj+1iigIhgSZm5gTmrRXBNoGUgaTY1xA==
    dependencies:
      package-json "^6.3.0"
  
  lazy-cache@^1.0.3:
    version "1.0.4"
    resolved "https://registry.npmjs.org/lazy-cache/-/lazy-cache-1.0.4.tgz"
    integrity sha1-odePw6UEdMuAhF07O24dpJpEbo4=
  
  lodash@^4.17.21, lodash@^4.17.4:
    version "4.17.21"
    resolved "https://registry.npmjs.org/lodash/-/lodash-4.17.21.tgz"
    integrity sha512-v2kDEe57lecTulaDIuNTPy3Ry4gLGJ6Z1O3vE1krgXZNrsQ+LFTGHVxVjcXPs17LhbZVGedAJv8XZ1tvj5FvSg==
  
  longest@^1.0.1:
    version "1.0.1"
    resolved "https://registry.npmjs.org/longest/-/longest-1.0.1.tgz"
    integrity sha1-MKCy2jj3N3DoKUoNIuZiXtd9AJc=
  
  lowdb@^3.0.0:
    version "3.0.0"
    resolved "https://registry.yarnpkg.com/lowdb/-/lowdb-3.0.0.tgz#c10ab4e7eb86f1cbe255e35e60ffb0c6f42049e0"
    integrity sha512-9KZRulmIcU8fZuWiaM0d5e2/nPnrFyXkeXVpqT+MJS+vgbgOf1EbtvgQmba8HwUFgDl1oeZR6XqEJnkJmQdKmg==
    dependencies:
      steno "^2.1.0"
  
  lowercase-keys@^1.0.0, lowercase-keys@^1.0.1:
    version "1.0.1"
    resolved "https://registry.npmjs.org/lowercase-keys/-/lowercase-keys-1.0.1.tgz"
    integrity sha512-G2Lj61tXDnVFFOi8VZds+SoQjtQC3dgokKdDG2mTm1tx4m50NUHBOZSBwQQHyy0V12A0JTG4icfZQH+xPyh8VA==
  
  lowercase-keys@^2.0.0:
    version "2.0.0"
    resolved "https://registry.npmjs.org/lowercase-keys/-/lowercase-keys-2.0.0.tgz"
    integrity sha512-tqNXrS78oMOE73NMxK4EMLQsQowWf8jKooH9g7xPavRT706R6bkQJ6DY2Te7QukaZsulxa30wQ7bk0pm4XiHmA==
  
  lru-cache@^4.1.5:
    version "4.1.5"
    resolved "https://registry.npmjs.org/lru-cache/-/lru-cache-4.1.5.tgz"
    integrity sha512-sWZlbEP2OsHNkXrMl5GYk/jKk70MBng6UU4YI/qGDYbgf6YbP4EvmqISbXCoJiRKs+1bSpFHVgQxvJ17F2li5g==
    dependencies:
      pseudomap "^1.0.2"
      yallist "^2.1.2"
  
  lru-cache@^6.0.0:
    version "6.0.0"
    resolved "https://registry.npmjs.org/lru-cache/-/lru-cache-6.0.0.tgz"
    integrity sha512-Jo6dJ04CmSjuznwJSS3pUeWmd/H0ffTlkXXgwZi+eq1UCmqQwCh+eLsYOYCwY991i2Fah4h1BEMCx4qThGbsiA==
    dependencies:
      yallist "^4.0.0"
  
  make-dir@^3.0.0:
    version "3.1.0"
    resolved "https://registry.npmjs.org/make-dir/-/make-dir-3.1.0.tgz"
    integrity sha512-g3FeP20LNwhALb/6Cz6Dd4F2ngze0jz7tbzrD2wAV+o9FeNHe4rL+yK2md0J/fiSf1sa1ADhXqi5+oVwOM/eGw==
    dependencies:
      semver "^6.0.0"
  
  media-typer@0.3.0:
    version "0.3.0"
    resolved "https://registry.npmjs.org/media-typer/-/media-typer-0.3.0.tgz"
    integrity sha1-hxDXrwqmJvj/+hzgAWhUUmMlV0g=
  
  methods@^1.0.1:
    version "1.1.2"
    resolved "https://registry.npmjs.org/methods/-/methods-1.1.2.tgz"
    integrity sha1-VSmk1nZUE07cxSZmVoNbD4Ua/O4=
  
  mime-db@1.52.0:
    version "1.52.0"
    resolved "https://registry.npmjs.org/mime-db/-/mime-db-1.52.0.tgz"
    integrity sha512-sPU4uV7dYlvtWJxwwxHD0PuihVNiE7TyAbQ5SWxDCB9mUYvOgroQOwYQQOKPJ8CIbE+1ETVlOoK1UC2nU3gYvg==
  
  mime-types@^2.1.18, mime-types@~2.1.24, mime-types@~2.1.34:
    version "2.1.35"
    resolved "https://registry.npmjs.org/mime-types/-/mime-types-2.1.35.tgz"
    integrity sha512-ZDY+bPm5zTTF+YpCrAU9nK0UgICYPT0QtT1NZWFv4s++TNkcgVaT0g6+4R2uI4MjQjzysHB1zxuWL50hzaeXiw==
    dependencies:
      mime-db "1.52.0"
  
  mimic-response@^1.0.0, mimic-response@^1.0.1:
    version "1.0.1"
    resolved "https://registry.npmjs.org/mimic-response/-/mimic-response-1.0.1.tgz"
    integrity sha512-j5EctnkH7amfV/q5Hgmoal1g2QHFJRraOtmx0JpIqkxhBhI/lJSl1nMpQ45hVarwNETOoWEimndZ4QK0RHxuxQ==
  
  minimatch@^3.0.4, minimatch@^3.1.1:
    version "3.1.2"
    resolved "https://registry.npmjs.org/minimatch/-/minimatch-3.1.2.tgz"
    integrity sha512-J7p63hRiAjw1NDEww1W7i37+ByIrOWO5XQQAzZ3VOcL0PNybwpfmV/N05zFAzwQ9USyEcX6t3UO+K5aqBQOIHw==
    dependencies:
      brace-expansion "^1.1.7"
  
  minimist@^1.2.0:
    version "1.2.6"
    resolved "https://registry.npmjs.org/minimist/-/minimist-1.2.6.tgz"
    integrity sha512-Jsjnk4bw3YJqYzbdyBiNsPWHPfO++UGG749Cxs6peCu5Xg4nrena6OVxOYxrQTqww0Jmwt+Ref8rggumkTLz9Q==
  
  ms@2.1.2, ms@^2.1.1:
    version "2.1.2"
    resolved "https://registry.npmjs.org/ms/-/ms-2.1.2.tgz"
    integrity sha512-sGkPx+VjMtmA6MX27oA4FBFELFCZZ4S4XqeGOXCv68tT+jb3vk/RyaKWP0PTKyWtmLSM0b+adUTEvbs1PEaH2w==
  
  mz@^2.4.0:
    version "2.7.0"
    resolved "https://registry.npmjs.org/mz/-/mz-2.7.0.tgz"
    integrity sha512-z81GNO7nnYMEhrGh9LeymoE4+Yr0Wn5McHIZMK5cfQCl+NDX08sCZgUc9/6MHni9IWuFLm1Z3HTCXu2z9fN62Q==
    dependencies:
      any-promise "^1.0.0"
      object-assign "^4.0.1"
      thenify-all "^1.0.0"
  
  nanoid@^3.3.4:
    version "3.3.4"
    resolved "https://registry.npmjs.org/nanoid/-/nanoid-3.3.4.tgz"
    integrity sha512-MqBkQh/OHTS2egovRtLk45wEyNXwF+cokD+1YPf9u5VfJiRdAiRwB2froX5Co9Rh20xs4siNPm8naNotSD6RBw==
  
  negotiator@0.6.3:
    version "0.6.3"
    resolved "https://registry.npmjs.org/negotiator/-/negotiator-0.6.3.tgz"
    integrity sha512-+EUsqGPLsM+j/zdChZjsnX51g4XrHFOIXwfnCVPGlQk/k5giakcKsuxCObBRu6DSm9opw/O6slWbJdghQM4bBg==
  
  nodemon@^2.0.16:
    version "2.0.16"
    resolved "https://registry.npmjs.org/nodemon/-/nodemon-2.0.16.tgz"
    integrity sha512-zsrcaOfTWRuUzBn3P44RDliLlp263Z/76FPoHFr3cFFkOz0lTPAcIw8dCzfdVIx/t3AtDYCZRCDkoCojJqaG3w==
    dependencies:
      chokidar "^3.5.2"
      debug "^3.2.7"
      ignore-by-default "^1.0.1"
      minimatch "^3.0.4"
      pstree.remy "^1.1.8"
      semver "^5.7.1"
      supports-color "^5.5.0"
      touch "^3.1.0"
      undefsafe "^2.0.5"
      update-notifier "^5.1.0"
  
  nopt@^5.0.0:
    version "5.0.0"
    resolved "https://registry.npmjs.org/nopt/-/nopt-5.0.0.tgz"
    integrity sha512-Tbj67rffqceeLpcRXrT7vKAN8CwfPeIBgM7E6iBkmKLV7bEMwpGgYLGv0jACUsECaa/vuxP0IjEont6umdMgtQ==
    dependencies:
      abbrev "1"
  
  nopt@~1.0.10:
    version "1.0.10"
    resolved "https://registry.npmjs.org/nopt/-/nopt-1.0.10.tgz"
    integrity sha1-bd0hvSoxQXuScn3Vhfim83YI6+4=
    dependencies:
      abbrev "1"
  
  normalize-path@^3.0.0, normalize-path@~3.0.0:
    version "3.0.0"
    resolved "https://registry.npmjs.org/normalize-path/-/normalize-path-3.0.0.tgz"
    integrity sha512-6eZs5Ls3WtCisHWp9S2GUy8dqkpGi4BVSz3GaqiE6ezub0512ESztXUwUB6C6IKbQkY2Pnb/mD4WYojCRwcwLA==
  
  normalize-url@^4.1.0:
    version "4.5.1"
    resolved "https://registry.npmjs.org/normalize-url/-/normalize-url-4.5.1.tgz"
    integrity sha512-9UZCFRHQdNrfTpGg8+1INIg93B6zE0aXMVFkw1WFwvO4SlZywU6aLg5Of0Ap/PgcbSw4LNxvMWXMeugwMCX0AA==
  
  object-assign@^4.0.1, object-assign@^4.1.0:
    version "4.1.1"
    resolved "https://registry.npmjs.org/object-assign/-/object-assign-4.1.1.tgz"
    integrity sha1-IQmtx5ZYh8/AXLvUQsrIv7s2CGM=
  
  object-inspect@^1.9.0:
    version "1.12.0"
    resolved "https://registry.npmjs.org/object-inspect/-/object-inspect-1.12.0.tgz"
    integrity sha512-Ho2z80bVIvJloH+YzRmpZVQe87+qASmBUKZDWgx9cu+KDrX2ZDH/3tMy+gXbZETVGs2M8YdxObOh7XAtim9Y0g==
  
  on-finished@^2.3.0:
    version "2.4.1"
    resolved "https://registry.npmjs.org/on-finished/-/on-finished-2.4.1.tgz"
    integrity sha512-oVlzkg3ENAhCk2zdv7IJwd/QUD4z2RxRwpkcGY8psCVcCYZNq4wYnVWALHM+brtuJjePWiYF/ClmuDr8Ch5+kg==
    dependencies:
      ee-first "1.1.1"
  
  once@^1.3.0, once@^1.3.1, once@^1.4.0:
    version "1.4.0"
    resolved "https://registry.npmjs.org/once/-/once-1.4.0.tgz"
    integrity sha1-WDsap3WWHUsROsF9nFC6753Xa9E=
    dependencies:
      wrappy "1"
  
  only@~0.0.2:
    version "0.0.2"
    resolved "https://registry.npmjs.org/only/-/only-0.0.2.tgz"
    integrity sha1-Kv3oTQPlC5qO3EROMGEKcCle37Q=
  
  p-cancelable@^1.0.0:
    version "1.1.0"
    resolved "https://registry.npmjs.org/p-cancelable/-/p-cancelable-1.1.0.tgz"
    integrity sha512-s73XxOZ4zpt1edZYZzvhqFa6uvQc1vwUa0K0BdtIZgQMAJj9IbebH+JkgKZc9h+B05PKHLOTl4ajG1BmNrVZlw==
  
  package-json@^6.3.0:
    version "6.5.0"
    resolved "https://registry.npmjs.org/package-json/-/package-json-6.5.0.tgz"
    integrity sha512-k3bdm2n25tkyxcjSKzB5x8kfVxlMdgsbPr0GkZcwHsLpba6cBjqCt1KlcChKEvxHIcTB1FVMuwoijZ26xex5MQ==
    dependencies:
      got "^9.6.0"
      registry-auth-token "^4.0.0"
      registry-url "^5.0.0"
      semver "^6.2.0"
  
  parseurl@^1.3.2:
    version "1.3.3"
    resolved "https://registry.npmjs.org/parseurl/-/parseurl-1.3.3.tgz"
    integrity sha512-CiyeOxFT/JZyN5m0z9PfXw4SCBJ6Sygz1Dpl0wqjlhDEGGBP1GnsUVEL0p63hoG1fcj3fHynXi9NYO4nWOL+qQ==
  
  passthrough-counter@^1.0.0:
    version "1.0.0"
    resolved "https://registry.npmjs.org/passthrough-counter/-/passthrough-counter-1.0.0.tgz"
    integrity sha1-GWfZ5m2lcrXAI8eH2xEqOHqxZvo=
  
  path-is-absolute@1.0.1, path-is-absolute@^1.0.0:
    version "1.0.1"
    resolved "https://registry.npmjs.org/path-is-absolute/-/path-is-absolute-1.0.1.tgz"
    integrity sha1-F0uSaHNVNP+8es5r9TpanhtcX18=
  
  path-parse@^1.0.7:
    version "1.0.7"
    resolved "https://registry.npmjs.org/path-parse/-/path-parse-1.0.7.tgz"
    integrity sha512-LDJzPVEEEPR+y48z93A0Ed0yXb8pAByGWo/k5YYdYgpY2/2EsOsksJrq7lOHxryrVOn1ejG6oAp8ahvOIQD8sw==
  
  path-to-regexp@^1.1.1:
    version "1.8.0"
    resolved "https://registry.npmjs.org/path-to-regexp/-/path-to-regexp-1.8.0.tgz"
    integrity sha512-n43JRhlUKUAlibEJhPeir1ncUID16QnEjNpwzNdO3Lm4ywrBpBZ5oLD0I6br9evr1Y9JTqwRtAh7JLoOzAQdVA==
    dependencies:
      isarray "0.0.1"
  
  picomatch@^2.0.4, picomatch@^2.2.1:
    version "2.3.1"
    resolved "https://registry.npmjs.org/picomatch/-/picomatch-2.3.1.tgz"
    integrity sha512-JU3teHTNjmE2VCGFzuY8EXzCDVwEqB2a8fsIvwaStHhAWJEeVd1o1QD80CU6+ZdEXXSLbSsuLwJjkCBWqRQUVA==
  
  pify@^4.0.1:
    version "4.0.1"
    resolved "https://registry.npmjs.org/pify/-/pify-4.0.1.tgz"
    integrity sha512-uB80kBFb/tfd68bVleG9T5GGsGPjJrLAUpR5PZIrhBnIaRTQRjqdJSsIKkOP6OAIFbj7GOrcudc5pNjZ+geV2g==
  
  prepend-http@^2.0.0:
    version "2.0.0"
    resolved "https://registry.npmjs.org/prepend-http/-/prepend-http-2.0.0.tgz"
    integrity sha1-6SQ0v6XqjBn0HN/UAddBo8gZ2Jc=
  
  pretty@^2.0.0:
    version "2.0.0"
    resolved "https://registry.npmjs.org/pretty/-/pretty-2.0.0.tgz"
    integrity sha1-rbx5YLe7/iiaVX3F9zdhmiINBqU=
    dependencies:
      condense-newlines "^0.2.1"
      extend-shallow "^2.0.1"
      js-beautify "^1.6.12"
  
  process-nextick-args@~2.0.0:
    version "2.0.1"
    resolved "https://registry.npmjs.org/process-nextick-args/-/process-nextick-args-2.0.1.tgz"
    integrity sha512-3ouUOpQhtgrbOa17J7+uxOTpITYWaGP7/AhoR3+A+/1e9skrzelGi/dXzEYyvbxubEF6Wn2ypscTKiKJFFn1ag==
  
  promise@^7.0.1:
    version "7.3.1"
    resolved "https://registry.npmjs.org/promise/-/promise-7.3.1.tgz"
    integrity sha512-nolQXZ/4L+bP/UGlkfaIujX9BKxGwmQ9OT4mOt5yvy8iK1h3wqTEJCijzGANTCCl9nWjY41juyAn2K3Q1hLLTg==
    dependencies:
      asap "~2.0.3"
  
  proto-list@~1.2.1:
    version "1.2.4"
    resolved "https://registry.npmjs.org/proto-list/-/proto-list-1.2.4.tgz"
    integrity sha1-IS1b/hMYMGpCD2QCuOJv85ZHqEk=
  
  pseudomap@^1.0.2:
    version "1.0.2"
    resolved "https://registry.npmjs.org/pseudomap/-/pseudomap-1.0.2.tgz"
    integrity sha1-8FKijacOYYkX7wqKw0wa5aaChrM=
  
  pstree.remy@^1.1.8:
    version "1.1.8"
    resolved "https://registry.npmjs.org/pstree.remy/-/pstree.remy-1.1.8.tgz"
    integrity sha512-77DZwxQmxKnu3aR542U+X8FypNzbfJ+C5XQDk3uWjWxn6151aIMGthWYRXTqT1E5oJvg+ljaa2OJi+VfvCOQ8w==
  
  pug-attrs@^2.0.4:
    version "2.0.4"
    resolved "https://registry.npmjs.org/pug-attrs/-/pug-attrs-2.0.4.tgz"
    integrity sha512-TaZ4Z2TWUPDJcV3wjU3RtUXMrd3kM4Wzjbe3EWnSsZPsJ3LDI0F3yCnf2/W7PPFF+edUFQ0HgDL1IoxSz5K8EQ==
    dependencies:
      constantinople "^3.0.1"
      js-stringify "^1.0.1"
      pug-runtime "^2.0.5"
  
  pug-code-gen@^2.0.2:
    version "2.0.3"
    resolved "https://registry.npmjs.org/pug-code-gen/-/pug-code-gen-2.0.3.tgz"
    integrity sha512-r9sezXdDuZJfW9J91TN/2LFbiqDhmltTFmGpHTsGdrNGp3p4SxAjjXEfnuK2e4ywYsRIVP0NeLbSAMHUcaX1EA==
    dependencies:
      constantinople "^3.1.2"
      doctypes "^1.1.0"
      js-stringify "^1.0.1"
      pug-attrs "^2.0.4"
      pug-error "^1.3.3"
      pug-runtime "^2.0.5"
      void-elements "^2.0.1"
      with "^5.0.0"
  
  pug-error@^1.3.3:
    version "1.3.3"
    resolved "https://registry.npmjs.org/pug-error/-/pug-error-1.3.3.tgz"
    integrity sha512-qE3YhESP2mRAWMFJgKdtT5D7ckThRScXRwkfo+Erqga7dyJdY3ZquspprMCj/9sJ2ijm5hXFWQE/A3l4poMWiQ==
  
  pug-filters@^3.1.1:
    version "3.1.1"
    resolved "https://registry.npmjs.org/pug-filters/-/pug-filters-3.1.1.tgz"
    integrity sha512-lFfjNyGEyVWC4BwX0WyvkoWLapI5xHSM3xZJFUhx4JM4XyyRdO8Aucc6pCygnqV2uSgJFaJWW3Ft1wCWSoQkQg==
    dependencies:
      clean-css "^4.1.11"
      constantinople "^3.0.1"
      jstransformer "1.0.0"
      pug-error "^1.3.3"
      pug-walk "^1.1.8"
      resolve "^1.1.6"
      uglify-js "^2.6.1"
  
  pug-lexer@^4.1.0:
    version "4.1.0"
    resolved "https://registry.npmjs.org/pug-lexer/-/pug-lexer-4.1.0.tgz"
    integrity sha512-i55yzEBtjm0mlplW4LoANq7k3S8gDdfC6+LThGEvsK4FuobcKfDAwt6V4jKPH9RtiE3a2Akfg5UpafZ1OksaPA==
    dependencies:
      character-parser "^2.1.1"
      is-expression "^3.0.0"
      pug-error "^1.3.3"
  
  pug-linker@^3.0.6:
    version "3.0.6"
    resolved "https://registry.npmjs.org/pug-linker/-/pug-linker-3.0.6.tgz"
    integrity sha512-bagfuHttfQOpANGy1Y6NJ+0mNb7dD2MswFG2ZKj22s8g0wVsojpRlqveEQHmgXXcfROB2RT6oqbPYr9EN2ZWzg==
    dependencies:
      pug-error "^1.3.3"
      pug-walk "^1.1.8"
  
  pug-load@^2.0.12:
    version "2.0.12"
    resolved "https://registry.npmjs.org/pug-load/-/pug-load-2.0.12.tgz"
    integrity sha512-UqpgGpyyXRYgJs/X60sE6SIf8UBsmcHYKNaOccyVLEuT6OPBIMo6xMPhoJnqtB3Q3BbO4Z3Bjz5qDsUWh4rXsg==
    dependencies:
      object-assign "^4.1.0"
      pug-walk "^1.1.8"
  
  pug-parser@^5.0.1:
    version "5.0.1"
    resolved "https://registry.npmjs.org/pug-parser/-/pug-parser-5.0.1.tgz"
    integrity sha512-nGHqK+w07p5/PsPIyzkTQfzlYfuqoiGjaoqHv1LjOv2ZLXmGX1O+4Vcvps+P4LhxZ3drYSljjq4b+Naid126wA==
    dependencies:
      pug-error "^1.3.3"
      token-stream "0.0.1"
  
  pug-runtime@^2.0.5:
    version "2.0.5"
    resolved "https://registry.npmjs.org/pug-runtime/-/pug-runtime-2.0.5.tgz"
    integrity sha512-P+rXKn9un4fQY77wtpcuFyvFaBww7/91f3jHa154qU26qFAnOe6SW1CbIDcxiG5lLK9HazYrMCCuDvNgDQNptw==
  
  pug-strip-comments@^1.0.4:
    version "1.0.4"
    resolved "https://registry.npmjs.org/pug-strip-comments/-/pug-strip-comments-1.0.4.tgz"
    integrity sha512-i5j/9CS4yFhSxHp5iKPHwigaig/VV9g+FgReLJWWHEHbvKsbqL0oP/K5ubuLco6Wu3Kan5p7u7qk8A4oLLh6vw==
    dependencies:
      pug-error "^1.3.3"
  
  pug-walk@^1.1.8:
    version "1.1.8"
    resolved "https://registry.npmjs.org/pug-walk/-/pug-walk-1.1.8.tgz"
    integrity sha512-GMu3M5nUL3fju4/egXwZO0XLi6fW/K3T3VTgFQ14GxNi8btlxgT5qZL//JwZFm/2Fa64J/PNS8AZeys3wiMkVA==
  
  pug@^2.0.3:
    version "2.0.4"
    resolved "https://registry.npmjs.org/pug/-/pug-2.0.4.tgz"
    integrity sha512-XhoaDlvi6NIzL49nu094R2NA6P37ijtgMDuWE+ofekDChvfKnzFal60bhSdiy8y2PBO6fmz3oMEIcfpBVRUdvw==
    dependencies:
      pug-code-gen "^2.0.2"
      pug-filters "^3.1.1"
      pug-lexer "^4.1.0"
      pug-linker "^3.0.6"
      pug-load "^2.0.12"
      pug-parser "^5.0.1"
      pug-runtime "^2.0.5"
      pug-strip-comments "^1.0.4"
  
  pump@^3.0.0:
    version "3.0.0"
    resolved "https://registry.npmjs.org/pump/-/pump-3.0.0.tgz"
    integrity sha512-LwZy+p3SFs1Pytd/jYct4wpv49HiYCqd9Rlc5ZVdk0V+8Yzv6jR5Blk3TRmPL1ft69TxP0IMZGJ+WPFU2BFhww==
    dependencies:
      end-of-stream "^1.1.0"
      once "^1.3.1"
  
  pupa@^2.1.1:
    version "2.1.1"
    resolved "https://registry.npmjs.org/pupa/-/pupa-2.1.1.tgz"
    integrity sha512-l1jNAspIBSFqbT+y+5FosojNpVpF94nlI+wDUpqP9enwOTfHx9f0gh5nB96vl+6yTpsJsypeNrwfzPrKuHB41A==
    dependencies:
      escape-goat "^2.0.0"
  
  qs@^6.5.2:
    version "6.10.3"
    resolved "https://registry.npmjs.org/qs/-/qs-6.10.3.tgz"
    integrity sha512-wr7M2E0OFRfIfJZjKGieI8lBKb7fRCH4Fv5KNPEs7gJ8jadvotdsS08PzOKR7opXhZ/Xkjtt3WF9g38drmyRqQ==
    dependencies:
      side-channel "^1.0.4"
  
  raw-body@^2.3.3:
    version "2.5.1"
    resolved "https://registry.npmjs.org/raw-body/-/raw-body-2.5.1.tgz"
    integrity sha512-qqJBtEyVgS0ZmPGdCFPWJ3FreoqvG4MVQln/kCgF7Olq95IbOp0/BWyMwbdtn4VTvkM8Y7khCQ2Xgk/tcrCXig==
    dependencies:
      bytes "3.1.2"
      http-errors "2.0.0"
      iconv-lite "0.4.24"
      unpipe "1.0.0"
  
  rc@^1.2.8:
    version "1.2.8"
    resolved "https://registry.npmjs.org/rc/-/rc-1.2.8.tgz"
    integrity sha512-y3bGgqKj3QBdxLbLkomlohkvsA8gdAiUQlSBJnBhfn+BPxg4bc62d8TcBW15wavDfgexCgccckhcZvywyQYPOw==
    dependencies:
      deep-extend "^0.6.0"
      ini "~1.3.0"
      minimist "^1.2.0"
      strip-json-comments "~2.0.1"
  
  readable-stream@2:
    version "2.3.7"
    resolved "https://registry.npmjs.org/readable-stream/-/readable-stream-2.3.7.tgz"
    integrity sha512-Ebho8K4jIbHAxnuxi7o42OrZgF/ZTNcsZj6nRKyUmkhLFq8CHItp/fy6hQZuZmP/n3yZ9VBUbp4zz/mX8hmYPw==
    dependencies:
      core-util-is "~1.0.0"
      inherits "~2.0.3"
      isarray "~1.0.0"
      process-nextick-args "~2.0.0"
      safe-buffer "~5.1.1"
      string_decoder "~1.1.1"
      util-deprecate "~1.0.1"
  
  readdirp@~3.6.0:
    version "3.6.0"
    resolved "https://registry.npmjs.org/readdirp/-/readdirp-3.6.0.tgz"
    integrity sha512-hOS089on8RduqdbhvQ5Z37A0ESjsqz6qnRcffsMU3495FuTdqSm+7bhJ29JvIOsBDEEnan5DPu9t3To9VRlMzA==
    dependencies:
      picomatch "^2.2.1"
  
  regenerator-runtime@^0.11.0:
    version "0.11.1"
    resolved "https://registry.npmjs.org/regenerator-runtime/-/regenerator-runtime-0.11.1.tgz"
    integrity sha512-MguG95oij0fC3QV3URf4V2SDYGJhJnJGqvIIgdECeODCT98wSWDAJ94SSuVpYQUoTcGUIL6L4yNB7j1DFFHSBg==
  
  registry-auth-token@^4.0.0:
    version "4.2.1"
    resolved "https://registry.npmjs.org/registry-auth-token/-/registry-auth-token-4.2.1.tgz"
    integrity sha512-6gkSb4U6aWJB4SF2ZvLb76yCBjcvufXBqvvEx1HbmKPkutswjW1xNVRY0+daljIYRbogN7O0etYSlbiaEQyMyw==
    dependencies:
      rc "^1.2.8"
  
  registry-url@^5.0.0:
    version "5.1.0"
    resolved "https://registry.npmjs.org/registry-url/-/registry-url-5.1.0.tgz"
    integrity sha512-8acYXXTI0AkQv6RAOjE3vOaIXZkT9wo4LOFbBKYQEEnnMNBpKqdUrI6S4NT0KPIo/WVvJ5tE/X5LF/TQUf0ekw==
    dependencies:
      rc "^1.2.8"
  
  repeat-string@^1.5.2:
    version "1.6.1"
    resolved "https://registry.npmjs.org/repeat-string/-/repeat-string-1.6.1.tgz"
    integrity sha1-jcrkcOHIirwtYA//Sndihtp15jc=
  
  require-directory@^2.1.1:
    version "2.1.1"
    resolved "https://registry.yarnpkg.com/require-directory/-/require-directory-2.1.1.tgz#8c64ad5fd30dab1c976e2344ffe7f792a6a6df42"
    integrity sha1-jGStX9MNqxyXbiNE/+f3kqam30I=
  
  resolve-path@^1.4.0:
    version "1.4.0"
    resolved "https://registry.npmjs.org/resolve-path/-/resolve-path-1.4.0.tgz"
    integrity sha1-xL2p9e+y/OZSR4c6s2u02DT+Fvc=
    dependencies:
      http-errors "~1.6.2"
      path-is-absolute "1.0.1"
  
  resolve@^1.1.6:
    version "1.22.0"
    resolved "https://registry.npmjs.org/resolve/-/resolve-1.22.0.tgz"
    integrity sha512-Hhtrw0nLeSrFQ7phPp4OOcVjLPIeMnRlr5mcnVuMe7M/7eBn98A3hmFRLoFo3DLZkivSYwhRUJTyPyWAk56WLw==
    dependencies:
      is-core-module "^2.8.1"
      path-parse "^1.0.7"
      supports-preserve-symlinks-flag "^1.0.0"
  
  responselike@^1.0.2:
    version "1.0.2"
    resolved "https://registry.npmjs.org/responselike/-/responselike-1.0.2.tgz"
    integrity sha1-kYcg7ztjHFZCvgaPFa3lpG9Loec=
    dependencies:
      lowercase-keys "^1.0.0"
  
  right-align@^0.1.1:
    version "0.1.3"
    resolved "https://registry.npmjs.org/right-align/-/right-align-0.1.3.tgz"
    integrity sha1-YTObci/mo1FWiSENJOFMlhSGE+8=
    dependencies:
      align-text "^0.1.1"
  
  rxjs@^6.6.3:
    version "6.6.7"
    resolved "https://registry.yarnpkg.com/rxjs/-/rxjs-6.6.7.tgz#90ac018acabf491bf65044235d5863c4dab804c9"
    integrity sha512-hTdwr+7yYNIT5n4AMYp85KA6yw2Va0FLa3Rguvbpa4W3I5xynaBZo41cM3XM+4Q6fRMj3sBYIR1VAmZMXYJvRQ==
    dependencies:
      tslib "^1.9.0"
  
  safe-buffer@5.2.1:
    version "5.2.1"
    resolved "https://registry.npmjs.org/safe-buffer/-/safe-buffer-5.2.1.tgz"
    integrity sha512-rp3So07KcdmmKbGvgaNxQSJr7bGVSVk5S9Eq1F+ppbRo70+YeaDxkw5Dd8NPN+GD6bjnYm2VuPuCXmpuYvmCXQ==
  
  safe-buffer@~5.1.0, safe-buffer@~5.1.1:
    version "5.1.2"
    resolved "https://registry.npmjs.org/safe-buffer/-/safe-buffer-5.1.2.tgz"
    integrity sha512-Gd2UZBJDkXlY7GbJxfsE8/nvKkUEU1G38c1siN6QP6a9PT9MmHB8GnpscSmMJSoF8LOIrt8ud/wPtojys4G6+g==
  
  "safer-buffer@>= 2.1.2 < 3":
    version "2.1.2"
    resolved "https://registry.npmjs.org/safer-buffer/-/safer-buffer-2.1.2.tgz"
    integrity sha512-YZo3K82SD7Riyi0E1EQPojLz7kpepnSQI9IyPbHHg1XXXevb5dJI7tpyN2ADxGcQbHG7vcyRHk0cbwqcQriUtg==
  
  semver-diff@^3.1.1:
    version "3.1.1"
    resolved "https://registry.npmjs.org/semver-diff/-/semver-diff-3.1.1.tgz"
    integrity sha512-GX0Ix/CJcHyB8c4ykpHGIAvLyOwOobtM/8d+TQkAd81/bEjgPHrfba41Vpesr7jX/t8Uh+R3EX9eAS5be+jQYg==
    dependencies:
      semver "^6.3.0"
  
  semver@^5.6.0, semver@^5.7.1:
    version "5.7.1"
    resolved "https://registry.npmjs.org/semver/-/semver-5.7.1.tgz"
    integrity sha512-sauaDf/PZdVgrLTNYHRtpXa1iRiKcaebiKQ1BJdpQlWH2lCvexQdX55snPFyK7QzpudqbCI0qXFfOasHdyNDGQ==
  
  semver@^6.0.0, semver@^6.2.0, semver@^6.3.0:
    version "6.3.0"
    resolved "https://registry.npmjs.org/semver/-/semver-6.3.0.tgz"
    integrity sha512-b39TBaTSfV6yBrapU89p5fKekE2m/NwnDocOVruQFS1/veMgdzuPcnOM34M6CwxW8jH/lxEa5rBoDeUwu5HHTw==
  
  semver@^7.3.4:
    version "7.3.7"
    resolved "https://registry.npmjs.org/semver/-/semver-7.3.7.tgz"
    integrity sha512-QlYTucUYOews+WeEujDoEGziz4K6c47V/Bd+LjSSYcA94p+DmINdf7ncaUinThfvZyu13lN9OY1XDxt8C0Tw0g==
    dependencies:
      lru-cache "^6.0.0"
  
  setprototypeof@1.1.0:
    version "1.1.0"
    resolved "https://registry.npmjs.org/setprototypeof/-/setprototypeof-1.1.0.tgz"
    integrity sha512-BvE/TwpZX4FXExxOxZyRGQQv651MSwmWKZGqvmPcRIjDqWub67kTKuIMx43cZZrS/cBBzwBcNDWoFxt2XEFIpQ==
  
  setprototypeof@1.2.0:
    version "1.2.0"
    resolved "https://registry.npmjs.org/setprototypeof/-/setprototypeof-1.2.0.tgz"
    integrity sha512-E5LDX7Wrp85Kil5bhZv46j8jOeboKq5JMmYM3gVGdGH8xFpPWXUMsNrlODCrkoxMEeNi/XZIwuRvY4XNwYMJpw==
  
  shell-quote@^1.7.3:
    version "1.7.3"
    resolved "https://registry.yarnpkg.com/shell-quote/-/shell-quote-1.7.3.tgz#aa40edac170445b9a431e17bb62c0b881b9c4123"
    integrity sha512-Vpfqwm4EnqGdlsBFNmHhxhElJYrdfcxPThu+ryKS5J8L/fhAwLazFZtq+S+TWZ9ANj2piSQLGj6NQg+lKPmxrw==
  
  side-channel@^1.0.4:
    version "1.0.4"
    resolved "https://registry.npmjs.org/side-channel/-/side-channel-1.0.4.tgz"
    integrity sha512-q5XPytqFEIKHkGdiMIrY10mvLRvnQh42/+GoBlFW3b2LXLE2xxJpZFdm94we0BaoV3RwJyGqg5wS7epxTv0Zvw==
    dependencies:
      call-bind "^1.0.0"
      get-intrinsic "^1.0.2"
      object-inspect "^1.9.0"
  
  sigmund@^1.0.1:
    version "1.0.1"
    resolved "https://registry.npmjs.org/sigmund/-/sigmund-1.0.1.tgz"
    integrity sha1-P/IfGYytIXX587eBhT/ZTQ0ZtZA=
  
  signal-exit@^3.0.2:
    version "3.0.7"
    resolved "https://registry.npmjs.org/signal-exit/-/signal-exit-3.0.7.tgz"
    integrity sha512-wnD2ZE+l+SPC/uoS0vXeE9L1+0wuaMqKlfz9AMUo38JsyLSBWSFcHR1Rri62LZc12vLr1gb3jl7iwQhgwpAbGQ==
  
  source-map@~0.5.1:
    version "0.5.7"
    resolved "https://registry.npmjs.org/source-map/-/source-map-0.5.7.tgz"
    integrity sha1-igOdLRAh0i0eoUyA2OpGi6LvP8w=
  
  source-map@~0.6.0:
    version "0.6.1"
    resolved "https://registry.npmjs.org/source-map/-/source-map-0.6.1.tgz"
    integrity sha512-UjgapumWlbMhkBgzT7Ykc5YXUT46F0iKu8SGXq0bcwP5dz/h0Plj6enJqjz1Zbq2l5WaqYnrVbwWOWMyF3F47g==
  
  spawn-command@^0.0.2-1:
    version "0.0.2-1"
    resolved "https://registry.yarnpkg.com/spawn-command/-/spawn-command-0.0.2-1.tgz#62f5e9466981c1b796dc5929937e11c9c6921bd0"
    integrity sha1-YvXpRmmBwbeW3Fkpk34RycaSG9A=
  
  statuses@2.0.1:
    version "2.0.1"
    resolved "https://registry.npmjs.org/statuses/-/statuses-2.0.1.tgz"
    integrity sha512-RwNA9Z/7PrK06rYLIzFMlaF+l73iwpzsqRIFgbMLbTcLD6cOao82TaWefPXQvB2fOC4AjuYSEndS7N/mTCbkdQ==
  
  "statuses@>= 1.4.0 < 2", "statuses@>= 1.5.0 < 2", statuses@^1.5.0:
    version "1.5.0"
    resolved "https://registry.npmjs.org/statuses/-/statuses-1.5.0.tgz"
    integrity sha1-Fhx9rBd2Wf2YEfQ3cfqZOBR4Yow=
  
  steno@^2.1.0:
    version "2.1.0"
    resolved "https://registry.npmjs.org/steno/-/steno-2.1.0.tgz"
    integrity sha512-mauOsiaqTNGFkWqIfwcm3y/fq+qKKaIWf1vf3ocOuTdco9XoHCO2AGF1gFYXuZFSWuP38Q8LBHBGJv2KnJSXyA==
  
  stream-wormhole@^1.1.0:
    version "1.1.0"
    resolved "https://registry.npmjs.org/stream-wormhole/-/stream-wormhole-1.1.0.tgz"
    integrity sha512-gHFfL3px0Kctd6Po0M8TzEvt3De/xu6cnRrjlfYNhwbhLPLwigI2t1nc6jrzNuaYg5C4YF78PPFuQPzRiqn9ew==
  
  streaming-json-stringify@3:
    version "3.1.0"
    resolved "https://registry.npmjs.org/streaming-json-stringify/-/streaming-json-stringify-3.1.0.tgz"
    integrity sha1-gCAEN6mTzDnE/gAmO3s7kDrIevU=
    dependencies:
      json-stringify-safe "5"
      readable-stream "2"
  
  string-width@^4.0.0, string-width@^4.1.0, string-width@^4.2.0, string-width@^4.2.2, string-width@^4.2.3:
    version "4.2.3"
    resolved "https://registry.npmjs.org/string-width/-/string-width-4.2.3.tgz"
    integrity sha512-wKyQRQpjJ0sIp62ErSZdGsjMJWsap5oRNihHhu6G7JVO/9jIB6UyevL+tXuOqrng8j/cxKTWyWUwvSTriiZz/g==
    dependencies:
      emoji-regex "^8.0.0"
      is-fullwidth-code-point "^3.0.0"
      strip-ansi "^6.0.1"
  
  string_decoder@~1.1.1:
    version "1.1.1"
    resolved "https://registry.npmjs.org/string_decoder/-/string_decoder-1.1.1.tgz"
    integrity sha512-n/ShnvDi6FHbbVfviro+WojiFzv+s8MPMHBczVePfUpDJLwoLT0ht1l4YwBCbi8pJAveEEdnkHyPyTP/mzRfwg==
    dependencies:
      safe-buffer "~5.1.0"
  
  strip-ansi@^6.0.0, strip-ansi@^6.0.1:
    version "6.0.1"
    resolved "https://registry.npmjs.org/strip-ansi/-/strip-ansi-6.0.1.tgz"
    integrity sha512-Y38VPSHcqkFrCpFnQ9vuSXmquuv5oXOKpGeT6aGrr3o3Gc9AlVa6JBfUSOCnbxGGZF+/0ooI7KrPuUSztUdU5A==
    dependencies:
      ansi-regex "^5.0.1"
  
  strip-json-comments@~2.0.1:
    version "2.0.1"
    resolved "https://registry.npmjs.org/strip-json-comments/-/strip-json-comments-2.0.1.tgz"
    integrity sha1-PFMZQukIwml8DsNEhYwobHygpgo=
  
  supports-color@^5.3.0, supports-color@^5.5.0:
    version "5.5.0"
    resolved "https://registry.npmjs.org/supports-color/-/supports-color-5.5.0.tgz"
    integrity sha512-QjVjwdXIt408MIiAqCX4oUKsgU2EqAGzs2Ppkm4aQYbjm+ZEWEcW4SfFNTr4uMNZma0ey4f5lgLrkB0aX0QMow==
    dependencies:
      has-flag "^3.0.0"
  
  supports-color@^7.1.0:
    version "7.2.0"
    resolved "https://registry.npmjs.org/supports-color/-/supports-color-7.2.0.tgz"
    integrity sha512-qpCAvRl9stuOHveKsn7HncJRvv501qIacKzQlO/+Lwxc9+0q2wLyv4Dfvt80/DPn2pqOBsJdDiogXGR9+OvwRw==
    dependencies:
      has-flag "^4.0.0"
  
  supports-color@^8.1.0:
    version "8.1.1"
    resolved "https://registry.yarnpkg.com/supports-color/-/supports-color-8.1.1.tgz#cd6fc17e28500cff56c1b86c0a7fd4a54a73005c"
    integrity sha512-MpUEN2OodtUzxvKQl72cUF7RQ5EiHsGvSsVG0ia9c5RbWGL2CI4C7EpPS8UTBIplnlzZiNuV56w+FuNxy3ty2Q==
    dependencies:
      has-flag "^4.0.0"
  
  supports-preserve-symlinks-flag@^1.0.0:
    version "1.0.0"
    resolved "https://registry.npmjs.org/supports-preserve-symlinks-flag/-/supports-preserve-symlinks-flag-1.0.0.tgz"
    integrity sha512-ot0WnXS9fgdkgIcePe6RHNk1WA8+muPa6cSjeR3V8K27q9BB1rTE3R1p7Hv0z1ZyAc8s6Vvv8DIyWf681MAt0w==
  
  thenify-all@^1.0.0:
    version "1.6.0"
    resolved "https://registry.npmjs.org/thenify-all/-/thenify-all-1.6.0.tgz"
    integrity sha1-GhkY1ALY/D+Y+/I02wvMjMEOlyY=
    dependencies:
      thenify ">= 3.1.0 < 4"
  
  "thenify@>= 3.1.0 < 4":
    version "3.3.1"
    resolved "https://registry.npmjs.org/thenify/-/thenify-3.3.1.tgz"
    integrity sha512-RVZSIV5IG10Hk3enotrhvz0T9em6cyHBLkH/YAZuKqd8hRkKhSfCGIcP2KUY0EPxndzANBmNllzWPwak+bheSw==
    dependencies:
      any-promise "^1.0.0"
  
  to-fast-properties@^1.0.3:
    version "1.0.3"
    resolved "https://registry.npmjs.org/to-fast-properties/-/to-fast-properties-1.0.3.tgz"
    integrity sha1-uDVx+k2MJbguIxsG46MFXeTKGkc=
  
  to-readable-stream@^1.0.0:
    version "1.0.0"
    resolved "https://registry.npmjs.org/to-readable-stream/-/to-readable-stream-1.0.0.tgz"
    integrity sha512-Iq25XBt6zD5npPhlLVXGFN3/gyR2/qODcKNNyTMd4vbm39HUaOiAM4PMq0eMVC/Tkxz+Zjdsc55g9yyz+Yq00Q==
  
  to-regex-range@^5.0.1:
    version "5.0.1"
    resolved "https://registry.npmjs.org/to-regex-range/-/to-regex-range-5.0.1.tgz"
    integrity sha512-65P7iz6X5yEr1cwcgvQxbbIw7Uk3gOy5dIdtZ4rDveLqhrdJP+Li/Hx6tyK0NEb+2GCyneCMJiGqrADCSNk8sQ==
    dependencies:
      is-number "^7.0.0"
  
  toidentifier@1.0.1:
    version "1.0.1"
    resolved "https://registry.npmjs.org/toidentifier/-/toidentifier-1.0.1.tgz"
    integrity sha512-o5sSPKEkg/DIQNmH43V0/uerLrpzVedkUh8tGNvaeXpfpuwjKenlSox/2O/BTlZUtEe+JG7s5YhEz608PlAHRA==
  
  token-stream@0.0.1:
    version "0.0.1"
    resolved "https://registry.npmjs.org/token-stream/-/token-stream-0.0.1.tgz"
    integrity sha1-zu78cXp2xDFvEm0LnbqlXX598Bo=
  
  touch@^3.1.0:
    version "3.1.0"
    resolved "https://registry.npmjs.org/touch/-/touch-3.1.0.tgz"
    integrity sha512-WBx8Uy5TLtOSRtIq+M03/sKDrXCLHxwDcquSP2c43Le03/9serjQBIztjRz6FkJez9D/hleyAXTBGLwwZUw9lA==
    dependencies:
      nopt "~1.0.10"
  
  tree-kill@^1.2.2:
    version "1.2.2"
    resolved "https://registry.yarnpkg.com/tree-kill/-/tree-kill-1.2.2.tgz#4ca09a9092c88b73a7cdc5e8a01b507b0790a0cc"
    integrity sha512-L0Orpi8qGpRG//Nd+H90vFB+3iHnue1zSSGmNOOCh1GLJ7rUKVwV2HvijphGQS2UmhUZewS9VgvxYIdgr+fG1A==
  
  tslib@^1.9.0:
    version "1.14.1"
    resolved "https://registry.yarnpkg.com/tslib/-/tslib-1.14.1.tgz#cf2d38bdc34a134bcaf1091c41f6619e2f672d00"
    integrity sha512-Xni35NKzjgMrwevysHTCArtLDpPvye8zV/0E4EyYn43P7/7qvQwPh9BGkHewbMulVntbigmcT7rdX3BNo9wRJg==
  
  tsscmp@1.0.6:
    version "1.0.6"
    resolved "https://registry.npmjs.org/tsscmp/-/tsscmp-1.0.6.tgz"
    integrity sha512-LxhtAkPDTkVCMQjt2h6eBVY28KCjikZqZfMcC15YBeNjkgUpdCfBu5HoiOTDu86v6smE8yOjyEktJ8hlbANHQA==
  
  type-fest@^0.20.2:
    version "0.20.2"
    resolved "https://registry.npmjs.org/type-fest/-/type-fest-0.20.2.tgz"
    integrity sha512-Ne+eE4r0/iWnpAxD852z3A+N0Bt5RN//NjJwRd2VFHEmrywxf5vsZlh4R6lixl6B+wz/8d+maTSAkN1FIkI3LQ==
  
  type-is@^1.6.16:
    version "1.6.18"
    resolved "https://registry.npmjs.org/type-is/-/type-is-1.6.18.tgz"
    integrity sha512-TkRKr9sUTxEH8MdfuCSP7VizJyzRNMjj2J2do2Jr3Kym598JVdEksuzPQCnlFPW4ky9Q+iA+ma9BGm06XQBy8g==
    dependencies:
      media-typer "0.3.0"
      mime-types "~2.1.24"
  
  typedarray-to-buffer@^3.1.5:
    version "3.1.5"
    resolved "https://registry.npmjs.org/typedarray-to-buffer/-/typedarray-to-buffer-3.1.5.tgz"
    integrity sha512-zdu8XMNEDepKKR+XYOXAVPtWui0ly0NtohUscw+UmaHiAWT8hrV1rr//H6V+0DvJ3OQ19S979M0laLfX8rm82Q==
    dependencies:
      is-typedarray "^1.0.0"
  
  typescript@^4.6.4:
    version "4.6.4"
    resolved "https://registry.yarnpkg.com/typescript/-/typescript-4.6.4.tgz#caa78bbc3a59e6a5c510d35703f6a09877ce45e9"
    integrity sha512-9ia/jWHIEbo49HfjrLGfKbZSuWo9iTMwXO+Ca3pRsSpbsMbc7/IU8NKdCZVRRBafVPGnoJeFL76ZOAA84I9fEg==
  
  uglify-js@^2.6.1:
    version "2.8.29"
    resolved "https://registry.npmjs.org/uglify-js/-/uglify-js-2.8.29.tgz"
    integrity sha1-KcVzMUgFe7Th913zW3qcty5qWd0=
    dependencies:
      source-map "~0.5.1"
      yargs "~3.10.0"
    optionalDependencies:
      uglify-to-browserify "~1.0.0"
  
  uglify-to-browserify@~1.0.0:
    version "1.0.2"
    resolved "https://registry.npmjs.org/uglify-to-browserify/-/uglify-to-browserify-1.0.2.tgz"
    integrity sha1-bgkk1r2mta/jSeOabWMoUKD4grc=
  
  undefsafe@^2.0.5:
    version "2.0.5"
    resolved "https://registry.npmjs.org/undefsafe/-/undefsafe-2.0.5.tgz"
    integrity sha512-WxONCrssBM8TSPRqN5EmsjVrsv4A8X12J4ArBiiayv3DyyG3ZlIg6yysuuSYdZsVz3TKcTg2fd//Ujd4CHV1iA==
  
  unique-string@^2.0.0:
    version "2.0.0"
    resolved "https://registry.npmjs.org/unique-string/-/unique-string-2.0.0.tgz"
    integrity sha512-uNaeirEPvpZWSgzwsPGtU2zVSTrn/8L5q/IexZmH0eH6SA73CmAA5U4GwORTxQAZs95TAXLNqeLoPPNO5gZfWg==
    dependencies:
      crypto-random-string "^2.0.0"
  
  unpipe@1.0.0:
    version "1.0.0"
    resolved "https://registry.npmjs.org/unpipe/-/unpipe-1.0.0.tgz"
    integrity sha1-sr9O6FFKrmFltIF4KdIbLvSZBOw=
  
  update-notifier@^5.1.0:
    version "5.1.0"
    resolved "https://registry.npmjs.org/update-notifier/-/update-notifier-5.1.0.tgz"
    integrity sha512-ItnICHbeMh9GqUy31hFPrD1kcuZ3rpxDZbf4KUDavXwS0bW5m7SLbDQpGX3UYr072cbrF5hFUs3r5tUsPwjfHw==
    dependencies:
      boxen "^5.0.0"
      chalk "^4.1.0"
      configstore "^5.0.1"
      has-yarn "^2.1.0"
      import-lazy "^2.1.0"
      is-ci "^2.0.0"
      is-installed-globally "^0.4.0"
      is-npm "^5.0.0"
      is-yarn-global "^0.3.0"
      latest-version "^5.1.0"
      pupa "^2.1.1"
      semver "^7.3.4"
      semver-diff "^3.1.1"
      xdg-basedir "^4.0.0"
  
  urijs@^1.19.0:
    version "1.19.11"
    resolved "https://registry.npmjs.org/urijs/-/urijs-1.19.11.tgz"
    integrity sha512-HXgFDgDommxn5/bIv0cnQZsPhHDA90NPHD6+c/v21U5+Sx5hoP8+dP9IZXBU1gIfvdRfhG8cel9QNPeionfcCQ==
  
  url-parse-lax@^3.0.0:
    version "3.0.0"
    resolved "https://registry.npmjs.org/url-parse-lax/-/url-parse-lax-3.0.0.tgz"
    integrity sha1-FrXK/Afb42dsGxmZF3gj1lA6yww=
    dependencies:
      prepend-http "^2.0.0"
  
  util-deprecate@~1.0.1:
    version "1.0.2"
    resolved "https://registry.npmjs.org/util-deprecate/-/util-deprecate-1.0.2.tgz"
    integrity sha1-RQ1Nyfpw3nMnYvvS1KKJgUGaDM8=
  
  vary@^1.1.2:
    version "1.1.2"
    resolved "https://registry.npmjs.org/vary/-/vary-1.1.2.tgz"
    integrity sha1-IpnwLG3tMNSllhsLn3RSShj2NPw=
  
  void-elements@^2.0.1:
    version "2.0.1"
    resolved "https://registry.npmjs.org/void-elements/-/void-elements-2.0.1.tgz"
    integrity sha1-wGavtYK7HLQSjWDqkjkulNXp2+w=
  
  widest-line@^3.1.0:
    version "3.1.0"
    resolved "https://registry.npmjs.org/widest-line/-/widest-line-3.1.0.tgz"
    integrity sha512-NsmoXalsWVDMGupxZ5R08ka9flZjjiLvHVAWYOKtiKM8ujtZWr9cRffak+uSE48+Ob8ObalXpwyeUiyDD6QFgg==
    dependencies:
      string-width "^4.0.0"
  
  window-size@0.1.0:
    version "0.1.0"
    resolved "https://registry.npmjs.org/window-size/-/window-size-0.1.0.tgz"
    integrity sha1-VDjNLqk7IC76Ohn+iIeu58lPnJ0=
  
  with@^5.0.0:
    version "5.1.1"
    resolved "https://registry.npmjs.org/with/-/with-5.1.1.tgz"
    integrity sha1-+k2qktrzLE6pTtRTyB8EaGtXXf4=
    dependencies:
      acorn "^3.1.0"
      acorn-globals "^3.0.0"
  
  wordwrap@0.0.2:
    version "0.0.2"
    resolved "https://registry.npmjs.org/wordwrap/-/wordwrap-0.0.2.tgz"
    integrity sha1-t5Zpu0LstAn4PVg8rVLKF+qhZD8=
  
  wrap-ansi@^7.0.0:
    version "7.0.0"
    resolved "https://registry.npmjs.org/wrap-ansi/-/wrap-ansi-7.0.0.tgz"
    integrity sha512-YVGIj2kamLSTxw6NsZjoBxfSwsn0ycdesmc4p+Q21c5zPuZ1pl+NfxVdxPtdHvmNVOQ6XSYG4AUtyt/Fi7D16Q==
    dependencies:
      ansi-styles "^4.0.0"
      string-width "^4.1.0"
      strip-ansi "^6.0.0"
  
  wrappy@1:
    version "1.0.2"
    resolved "https://registry.npmjs.org/wrappy/-/wrappy-1.0.2.tgz"
    integrity sha1-tSQ9jz7BqjXxNkYFvA0QNuMKtp8=
  
  write-file-atomic@^3.0.0:
    version "3.0.3"
    resolved "https://registry.npmjs.org/write-file-atomic/-/write-file-atomic-3.0.3.tgz"
    integrity sha512-AvHcyZ5JnSfq3ioSyjrBkH9yW4m7Ayk8/9My/DD9onKeu/94fwrMocemO2QAJFAlnnDN+ZDS+ZjAR5ua1/PV/Q==
    dependencies:
      imurmurhash "^0.1.4"
      is-typedarray "^1.0.0"
      signal-exit "^3.0.2"
      typedarray-to-buffer "^3.1.5"
  
  xdg-basedir@^4.0.0:
    version "4.0.0"
    resolved "https://registry.npmjs.org/xdg-basedir/-/xdg-basedir-4.0.0.tgz"
    integrity sha512-PSNhEJDejZYV7h50BohL09Er9VaIefr2LMAf3OEmpCkjOi34eYyQYAXUTjEQtZJTKcF0E2UKTh+osDLsgNim9Q==
  
  y18n@^5.0.5:
    version "5.0.8"
    resolved "https://registry.yarnpkg.com/y18n/-/y18n-5.0.8.tgz#7f4934d0f7ca8c56f95314939ddcd2dd91ce1d55"
    integrity sha512-0pfFzegeDWJHJIAmTLRP2DwHjdF5s7jo9tuztdQxAhINCdvS+3nGINqPd00AphqJR/0LhANUS6/+7SCb98YOfA==
  
  yallist@^2.1.2:
    version "2.1.2"
    resolved "https://registry.npmjs.org/yallist/-/yallist-2.1.2.tgz"
    integrity sha1-HBH5IY8HYImkfdUS+TxmmaaoHVI=
  
  yallist@^4.0.0:
    version "4.0.0"
    resolved "https://registry.npmjs.org/yallist/-/yallist-4.0.0.tgz"
    integrity sha512-3wdGidZyq5PB084XLES5TpOSRA3wjXAlIWMhum2kRcv/41Sn2emQ0dycQW4uZXLejwKvg6EsvbdlVL+FYEct7A==
  
  yaml@^2.1.0:
    version "2.1.0"
    resolved "https://registry.yarnpkg.com/yaml/-/yaml-2.1.0.tgz#96ba62ff4dd990c0eb16bd96c6254a085d288b80"
    integrity sha512-OuAINfTsoJrY5H7CBWnKZhX6nZciXBydrMtTHr1dC4nP40X5jyTIVlogZHxSlVZM8zSgXRfgZGsaHF4+pV+JRw==
  
  yargs-parser@^21.0.0:
    version "21.0.1"
    resolved "https://registry.yarnpkg.com/yargs-parser/-/yargs-parser-21.0.1.tgz#0267f286c877a4f0f728fceb6f8a3e4cb95c6e35"
    integrity sha512-9BK1jFpLzJROCI5TzwZL/TU4gqjK5xiHV/RfWLOahrjAko/e4DJkRDZQXfvqAsiZzzYhgAzbgz6lg48jcm4GLg==
  
  yargs@^17.3.1:
    version "17.5.1"
    resolved "https://registry.yarnpkg.com/yargs/-/yargs-17.5.1.tgz#e109900cab6fcb7fd44b1d8249166feb0b36e58e"
    integrity sha512-t6YAJcxDkNX7NFYiVtKvWUz8l+PaKTLiL63mJYWR2GnHq2gjEWISzsLp9wg3aY36dY1j+gfIEL3pIF+XlJJfbA==
    dependencies:
      cliui "^7.0.2"
      escalade "^3.1.1"
      get-caller-file "^2.0.5"
      require-directory "^2.1.1"
      string-width "^4.2.3"
      y18n "^5.0.5"
      yargs-parser "^21.0.0"
  
  yargs@~3.10.0:
    version "3.10.0"
    resolved "https://registry.npmjs.org/yargs/-/yargs-3.10.0.tgz"
    integrity sha1-9+572FfdfB0tOMDnTvvWgdFDH9E=
    dependencies:
      camelcase "^1.0.2"
      cliui "^2.1.0"
      decamelize "^1.0.0"
      window-size "0.1.0"
  
  ylru@^1.2.0:
    version "1.3.2"
    resolved "https://registry.npmjs.org/ylru/-/ylru-1.3.2.tgz"
    integrity sha512-RXRJzMiK6U2ye0BlGGZnmpwJDPgakn6aNQ0A7gHRbD4I0uvK4TW6UqkK1V0pp9jskjJBAXd3dRrbzWkqJ+6cxA==
